=~=~=~=~=~=~=~=~=~=~=~= PuTTY log 2021.11.10 12:30:16 =~=~=~=~=~=~=~=~=~=~=~=
Qid, Time, Sent, Recv, Over, Wait,    P_blk,    Arrv,    Serv,   Epblk,   Earrv,   Eserv
Q0      0,    1,    1,    0,    1,   0.0000,  0.0000,  7.8833, -1.0000, -1.0000, -0.2117,
Q0      1,   10,   10,    0,    0,   0.0000, 10.0000, 11.4528, -1.0000,  0.1111,  0.1453,
Q0      2,   20,   17,    0,    3,   0.0000, 10.0000, 12.2937, -1.0000,  0.1111,  0.2294,
Q0      3,   29,   26,    0,    3,   0.0000,  9.6667, 11.2206, -1.0000,  0.0741,  0.1221,
Q0      4,   38,   36,    0,    2,   0.0000,  9.5000, 12.9948, -1.0000,  0.0556,  0.2995,
Q0      5,   45,   45,    0,    0,   0.0000,  9.0000, 12.1323, -1.0000,  0.0000,  0.2132,
Q0      6,   59,   56,    0,    3,   0.0000,  9.8333, 12.6053, -1.0000,  0.0926,  0.2605,
Q0      7,   67,   67,    0,    0,   0.0000,  9.5714, 12.0091, -1.0000,  0.0635,  0.2009,
Q0      8,   79,   77,    0,    1,   0.0000,  9.8750, 12.0158, -1.0000,  0.0972,  0.2016,
Q0      9,   92,   87,    0,    5,   0.0000, 10.2222, 11.9336, -1.0000,  0.1358,  0.1934,
Q0     10,   99,   95,    0,    4,   0.0000,  9.9000, 11.4704, -1.0000,  0.1000,  0.1470,
Q0     11,  109,  105,    0,    4,   0.0000,  9.9091, 11.3119, -1.0000,  0.1010,  0.1312,
Q0     12,  121,  119,    0,    2,   0.0000, 10.0833, 11.3028, -1.0000,  0.1204,  0.1303,
Q0     13,  133,  126,    0,    7,   0.0000, 10.2308, 11.1168, -1.0000,  0.1368,  0.1117,
Q0     14,  140,  140,    0,    0,   0.0000, 10.0000, 11.4027, -1.0000,  0.1111,  0.1403,
Q0     15,  149,  148,    0,    1,   0.0000,  9.9333, 11.2192, -1.0000,  0.1037,  0.1219,
Q0     16,  159,  159,    0,    0,   0.0000,  9.9375, 11.6647, -1.0000,  0.1042,  0.1665,
Q0     17,  164,  164,    0,    0,   0.0000,  9.6471, 11.6517, -1.0000,  0.0719,  0.1652,
Q0     18,  171,  171,    0,    0,   0.0000,  9.5000, 11.5718, -1.0000,  0.0556,  0.1572,
Q0     19,  179,  175,    0,    4,   0.0000,  9.4211, 11.2503, -1.0000,  0.0468,  0.1250,
Qid, Time, Sent, Recv, Over, Wait,    P_blk,    Arrv,    Serv,   Epblk,   Earrv,   Eserv
Q0     20,  190,  184,    0,    6,   0.0000,  9.5000, 11.2433, -1.0000,  0.0556,  0.1243,
Q0     21,  196,  192,    0,    4,   0.0000,  9.3333, 10.9951, -1.0000,  0.0370,  0.0995,
Q0     22,  199,  199,    0,    0,   0.0000,  9.0455, 11.1220, -1.0000,  0.0051,  0.1122,
Q0     23,  209,  209,    0,    0,   0.0000,  9.0870, 11.1329, -1.0000,  0.0097,  0.1133,
Q0     24,  215,  215,    0,    0,   0.0000,  8.9583, 11.2295, -1.0000, -0.0046,  0.1230,
Q0     25,  228,  225,    0,    3,   0.0000,  9.1200, 11.4007, -1.0000,  0.0133,  0.1401,
Q0     26,  238,  236,    0,    2,   0.0000,  9.1538, 11.4242, -1.0000,  0.0171,  0.1424,
Q0     27,  251,  245,    0,    6,   0.0000,  9.2963, 11.3675, -1.0000,  0.0329,  0.1368,
Q0     28,  263,  263,    0,    0,   0.0000,  9.3929, 11.6628, -1.0000,  0.0437,  0.1663,
Q0     29,  272,  272,    0,    0,   0.0000,  9.3793, 11.5950, -1.0000,  0.0421,  0.1595,
Q0     30,  288,  284,    0,    4,   0.0000,  9.6000, 11.6901, -1.0000,  0.0667,  0.1690,
Q0     31,  301,  300,    0,    1,   0.0000,  9.7097, 11.8144, -1.0000,  0.0789,  0.1814,
Q0     32,  314,  311,    0,    3,   0.0000,  9.8125, 11.8237, -1.0000,  0.0903,  0.1824,
Q0     33,  320,  319,    0,    1,   0.0000,  9.6970, 11.7098, -1.0000,  0.0774,  0.1710,
Q0     34,  332,  331,    0,    1,   0.0000,  9.7647, 11.7431, -1.0000,  0.0850,  0.1743,
Q0     35,  339,  339,    0,    0,   0.0000,  9.6857, 11.7325, -1.0000,  0.0762,  0.1733,
Q0     36,  350,  346,    0,    4,   0.0000,  9.7222, 11.5785, -1.0000,  0.0802,  0.1579,
Q0     37,  359,  355,    0,    4,   0.0000,  9.7027, 11.5066, -1.0000,  0.0781,  0.1507,
Q0     38,  370,  362,    0,    8,   0.0000,  9.7368, 11.2542, -1.0000,  0.0819,  0.1254,
Q0     39,  382,  368,    5,    9,   0.0131,  9.7949, 11.1885, -0.7007,  0.0883,  0.1188,
Qid, Time, Sent, Recv, Over, Wait,    P_blk,    Arrv,    Serv,   Epblk,   Earrv,   Eserv
Q0     40,  392,  383,    5,    4,   0.0128,  9.8000, 11.3291, -0.7083,  0.0889,  0.1329,
Q0     41,  399,  393,    5,    1,   0.0125,  9.7317, 11.2371, -0.7135,  0.0813,  0.1237,
Q0     42,  402,  397,    5,    0,   0.0124,  9.5714, 11.2706, -0.7156,  0.0635,  0.1271,
Q0     43,  414,  408,    5,    1,   0.0121,  9.6279, 11.3147, -0.7238,  0.0698,  0.1315,
Q0     44,  420,  413,    5,    2,   0.0119,  9.5455, 11.3184, -0.7278,  0.0606,  0.1318,
Q0     45,  431,  425,    5,    1,   0.0116,  9.5778, 11.4186, -0.7347,  0.0642,  0.1419,
Q0     46,  437,  431,    5,    1,   0.0114,  9.5000, 11.4216, -0.7384,  0.0556,  0.1422,
Q0     47,  449,  441,    5,    3,   0.0111,  9.5532, 11.4093, -0.7454,  0.0615,  0.1409,
Q0     48,  457,  450,    5,    2,   0.0109,  9.5208, 11.3704, -0.7498,  0.0579,  0.1370,
Q0     49,  465,  458,    5,    2,   0.0108,  9.4898, 11.2908, -0.7541,  0.0544,  0.1291,
Q0     50,  471,  466,    5,    0,   0.0106,  9.4200, 11.3368, -0.7573,  0.0467,  0.1337,
Q0     51,  479,  474,    5,    0,   0.0104,  9.3922, 11.2989, -0.7613,  0.0436,  0.1299,
Q0     52,  489,  484,    5,    0,   0.0102,  9.4038, 11.3218, -0.7662,  0.0449,  0.1322,
Q0     53,  499,  493,    5,    1,   0.0100,  9.4151, 11.2868, -0.7709,  0.0461,  0.1287,
Q0     54,  511,  506,    5,    0,   0.0098,  9.4630, 11.3466, -0.7763,  0.0514,  0.1347,
Q0     55,  514,  509,    5,    0,   0.0097,  9.3455, 11.3698, -0.7776,  0.0384,  0.1370,
Q0     56,  520,  513,    5,    2,   0.0096,  9.2857, 11.3273, -0.7801,  0.0317,  0.1327,
Q0     57,  532,  520,    5,    7,   0.0094,  9.3333, 11.2351, -0.7851,  0.0370,  0.1235,
Q0     58,  544,  536,    5,    3,   0.0092,  9.3793, 11.3175, -0.7898,  0.0421,  0.1318,
Q0     59,  556,  549,    5,    2,   0.0090,  9.4237, 11.3791, -0.7944,  0.0471,  0.1379,
Qid, Time, Sent, Recv, Over, Wait,    P_blk,    Arrv,    Serv,   Epblk,   Earrv,   Eserv
Q0     60,  567,  562,    5,    0,   0.0088,  9.4500, 11.3982, -0.7984,  0.0500,  0.1398,
Q0     61,  581,  576,    5,    0,   0.0086,  9.5246, 11.5048, -0.8032,  0.0583,  0.1505,
Q0     62,  595,  587,    5,    3,   0.0084,  9.5968, 11.5161, -0.8078,  0.0663,  0.1516,
Q0     63,  603,  596,    5,    2,   0.0083,  9.5714, 11.4787, -0.8104,  0.0635,  0.1479,
Q0     64,  615,  605,    5,    5,   0.0081,  9.6094, 11.4076, -0.8141,  0.0677,  0.1408,
Q0     65,  623,  613,    5,    5,   0.0080,  9.5846, 11.3676, -0.8165,  0.0650,  0.1368,
Q0     66,  629,  624,    5,    0,   0.0079,  9.5303, 11.3887, -0.8182,  0.0589,  0.1389,
Q0     67,  640,  634,    5,    1,   0.0078,  9.5522, 11.4633, -0.8214,  0.0614,  0.1463,
Q0     68,  652,  646,    5,    1,   0.0077,  9.5882, 11.5257, -0.8246,  0.0654,  0.1526,
Q0     69,  665,  656,    5,    4,   0.0075,  9.6377, 11.4745, -0.8281,  0.0709,  0.1475,
Q0     70,  673,  664,    5,    4,   0.0074,  9.6143, 11.4421, -0.8301,  0.0683,  0.1442,
Q0     71,  684,  670,    5,    9,   0.0073,  9.6338, 11.3540, -0.8328,  0.0704,  0.1354,
Q0     72,  694,  685,    9,    0,   0.0130,  9.6389, 11.4212, -0.7035,  0.0710,  0.1421,
Q0     73,  701,  691,    9,    1,   0.0128,  9.6027, 11.3783, -0.7064,  0.0670,  0.1378,
Q0     74,  708,  699,    9,    0,   0.0127,  9.5676, 11.3550, -0.7093,  0.0631,  0.1355,
Q0     75,  716,  707,    9,    0,   0.0126,  9.5467, 11.4063, -0.7126,  0.0607,  0.1406,
Q0     76,  719,  710,    9,    0,   0.0125,  9.4605, 11.3944, -0.7138,  0.0512,  0.1394,
Q0     77,  730,  719,    9,    2,   0.0123,  9.4805, 11.3886, -0.7181,  0.0534,  0.1389,
Q0     78,  737,  727,    9,    1,   0.0122,  9.4487, 11.3253, -0.7208,  0.0499,  0.1325,
Q0     79,  750,  740,    9,    1,   0.0120,  9.4937, 11.3688, -0.7256,  0.0549,  0.1369,
Qid, Time, Sent, Recv, Over, Wait,    P_blk,    Arrv,    Serv,   Epblk,   Earrv,   Eserv
Q0     80,  762,  752,    9,    1,   0.0118,  9.5250, 11.3757, -0.7299,  0.0583,  0.1376,
Q0     81,  772,  762,    9,    1,   0.0117,  9.5309, 11.3498, -0.7334,  0.0590,  0.1350,
Q0     82,  780,  771,    9,    0,   0.0115,  9.5122, 11.3669, -0.7362,  0.0569,  0.1367,
Q0     83,  789,  778,    9,    2,   0.0114,  9.5060, 11.3431, -0.7392,  0.0562,  0.1343,
Q0     84,  799,  787,    9,    3,   0.0113,  9.5119, 11.3104, -0.7424,  0.0569,  0.1310,
Q0     85,  806,  796,    9,    1,   0.0112,  9.4824, 11.2713, -0.7447,  0.0536,  0.1271,
Q0     86,  815,  800,    9,    6,   0.0110,  9.4767, 11.2203, -0.7475,  0.0530,  0.1220,
Q0     87,  827,  812,    9,    6,   0.0109,  9.5057, 11.2123, -0.7512,  0.0562,  0.1212,
Q0     88,  834,  815,    9,   10,   0.0108,  9.4773, 11.1189, -0.7532,  0.0530,  0.1119,
Q0     89,  844,  826,   12,    6,   0.0142,  9.4831, 11.1176, -0.6749,  0.0537,  0.1118,
Q0     90,  851,  830,   12,    9,   0.0141,  9.4556, 11.0190, -0.6776,  0.0506,  0.1019,
Q0     91,  859,  841,   12,    6,   0.0140,  9.4396, 11.0114, -0.6806,  0.0488,  0.1011,
Q0     92,  870,  846,   14,   10,   0.0161,  9.4565, 10.9234, -0.6320,  0.0507,  0.0923,
Q0     93,  874,  855,   15,    4,   0.0172,  9.3978, 10.9200, -0.6076,  0.0442,  0.0920,
Q0     94,  889,  873,   15,    1,   0.0169,  9.4574, 10.9789, -0.6142,  0.0508,  0.0979,
Q0     95,  896,  881,   15,    0,   0.0167,  9.4316, 10.9838, -0.6172,  0.0480,  0.0984,
Q0     96,  903,  888,   15,    0,   0.0166,  9.4063, 10.9429, -0.6202,  0.0451,  0.0943,
Q0     97,  910,  895,   15,    0,   0.0165,  9.3814, 10.9729, -0.6231,  0.0424,  0.0973,
Q0     98,  919,  904,   15,    0,   0.0163,  9.3776, 11.0420, -0.6268,  0.0420,  0.1042,
Q0     99,  930,  912,   15,    3,   0.0161,  9.3939, 10.9915, -0.6312,  0.0438,  0.0992,
Qid, Time, Sent, Recv, Over, Wait,    P_blk,    Arrv,    Serv,   Epblk,   Earrv,   Eserv
Q0    100,  943,  926,   15,    2,   0.0159,  9.4300, 11.0345, -0.6363,  0.0478,  0.1035,
Q0    101,  948,  933,   15,    0,   0.0158,  9.3861, 11.0097, -0.6382,  0.0429,  0.1010,
Q0    102,  953,  938,   15,    0,   0.0157,  9.3431, 11.0303, -0.6401,  0.0381,  0.1030,
Q0    103,  961,  946,   15,    0,   0.0156,  9.3301, 11.0806, -0.6431,  0.0367,  0.1081,
Q0    104,  971,  954,   15,    2,   0.0154,  9.3365, 11.0798, -0.6468,  0.0374,  0.1080,
Q0    105,  980,  962,   15,    3,   0.0153,  9.3333, 11.0393, -0.6500,  0.0370,  0.1039,
Q0    106,  987,  972,   15,    0,   0.0152,  9.3113, 11.0803, -0.6525,  0.0346,  0.1080,
Q0    107,  995,  980,   15,    0,   0.0151,  9.2991, 11.1109, -0.6553,  0.0332,  0.1111,
Q0    108, 1006,  987,   15,    4,   0.0149,  9.3148, 11.0879, -0.6591,  0.0350,  0.1088,
Q0    109, 1016,  996,   15,    5,   0.0148,  9.3211, 11.0194, -0.6624,  0.0357,  0.1019,
Q0    110, 1021, 1006,   15,    0,   0.0147,  9.2818, 11.0724, -0.6641,  0.0313,  0.1072,
Q0    111, 1031, 1016,   15,    0,   0.0145,  9.2883, 11.1075, -0.6673,  0.0320,  0.1108,
Q0    112, 1043, 1028,   15,    0,   0.0144,  9.3125, 11.1328, -0.6711,  0.0347,  0.1133,
Q0    113, 1052, 1037,   15,    0,   0.0143,  9.3097, 11.1566, -0.6740,  0.0344,  0.1157,
Q0    114, 1062, 1046,   15,    1,   0.0141,  9.3158, 11.1629, -0.6770,  0.0351,  0.1163,
Q0    115, 1079, 1059,   15,    5,   0.0139,  9.3826, 11.1883, -0.6821,  0.0425,  0.1188,
Q0    116, 1090, 1068,   15,    7,   0.0138,  9.3966, 11.1707, -0.6853,  0.0441,  0.1171,
Q0    117, 1097, 1076,   15,    6,   0.0137,  9.3761, 11.1087, -0.6873,  0.0418,  0.1109,
Q0    118, 1106, 1086,   15,    5,   0.0136,  9.3729, 11.1016, -0.6899,  0.0414,  0.1102,
Q0    119, 1113, 1097,   15,    1,   0.0135,  9.3529, 11.1127, -0.6918,  0.0392,  0.1113,
Qid, Time, Sent, Recv, Over, Wait,    P_blk,    Arrv,    Serv,   Epblk,   Earrv,   Eserv
Q0    120, 1120, 1102,   15,    3,   0.0134,  9.3417, 11.1204, -0.6940,  0.0380,  0.1120,
Q0    121, 1131, 1112,   15,    4,   0.0133,  9.3471, 11.1090, -0.6967,  0.0386,  0.1109,
Q0    122, 1143, 1124,   15,    4,   0.0131,  9.3689, 11.0883, -0.6999,  0.0410,  0.1088,
Q0    123, 1150, 1128,   15,    7,   0.0130,  9.3496, 11.0351, -0.7017,  0.0388,  0.1035,
Q0    124, 1154, 1137,   15,    2,   0.0130,  9.3065, 11.0152, -0.7028,  0.0341,  0.1015,
Q0    125, 1165, 1149,   15,    1,   0.0129,  9.3200, 11.0387, -0.7056,  0.0356,  0.1039,
Q0    126, 1172, 1157,   15,    0,   0.0128,  9.3016, 11.0588, -0.7073,  0.0335,  0.1059,
Q0    127, 1176, 1161,   15,    0,   0.0128,  9.2598, 11.0504, -0.7083,  0.0289,  0.1050,
Q0    128, 1183, 1166,   15,    2,   0.0127,  9.2422, 11.0251, -0.7101,  0.0269,  0.1025,
Q0    129, 1192, 1177,   15,    0,   0.0126,  9.2403, 11.0527, -0.7123,  0.0267,  0.1053,
Q0    130, 1201, 1186,   15,    0,   0.0125,  9.2385, 11.0336, -0.7144,  0.0265,  0.1034,
Q0    131, 1210, 1194,   15,    1,   0.0124,  9.2366, 11.0294, -0.7165,  0.0263,  0.1029,
Q0    132, 1219, 1202,   15,    2,   0.0123,  9.2348, 11.0045, -0.7186,  0.0261,  0.1005,
Q0    133, 1229, 1214,   15,    0,   0.0122,  9.2406, 11.0297, -0.7209,  0.0267,  0.1030,
Q0    134, 1234, 1219,   15,    0,   0.0122,  9.2090, 11.0144, -0.7220,  0.0232,  0.1014,
Q0    135, 1238, 1223,   15,    0,   0.0121,  9.1704, 11.0156, -0.7229,  0.0189,  0.1016,
Q0    136, 1245, 1228,   15,    2,   0.0120,  9.1544, 10.9811, -0.7245,  0.0172,  0.0981,
Q0    137, 1253, 1238,   15,    0,   0.0120,  9.1460, 11.0183, -0.7263,  0.0162,  0.1018,
Q0    138, 1260, 1245,   15,    0,   0.0119,  9.1304, 10.9930, -0.7278,  0.0145,  0.0993,
Q0    139, 1271, 1255,   15,    1,   0.0118,  9.1439, 11.0231, -0.7301,  0.0160,  0.1023,
Qid, Time, Sent, Recv, Over, Wait,    P_blk,    Arrv,    Serv,   Epblk,   Earrv,   Eserv
Q0    140, 1280, 1263,   15,    2,   0.0117,  9.1429, 11.0440, -0.7320,  0.0159,  0.1044,
Q0    141, 1293, 1278,   15,    0,   0.0116,  9.1702, 11.0828, -0.7347,  0.0189,  0.1083,
Q0    142, 1300, 1285,   15,    0,   0.0115,  9.1549, 11.0541, -0.7362,  0.0172,  0.1054,
Q0    143, 1308, 1290,   15,    3,   0.0115,  9.1469, 11.0191, -0.7378,  0.0163,  0.1019,
Q0    144, 1319, 1303,   15,    1,   0.0114,  9.1597, 11.0204, -0.7400,  0.0177,  0.1020,
Q0    145, 1328, 1312,   15,    1,   0.0113,  9.1586, 11.0405, -0.7417,  0.0176,  0.1040,
Q0    146, 1340, 1324,   15,    1,   0.0112,  9.1781, 11.0629, -0.7440,  0.0198,  0.1063,
Q0    147, 1352, 1330,   15,    7,   0.0111,  9.1973, 11.0575, -0.7463,  0.0219,  0.1058,
Q0    148, 1359, 1339,   16,    4,   0.0118,  9.1824, 11.0474, -0.7308,  0.0203,  0.1047,
Q0    149, 1373, 1356,   16,    1,   0.0117,  9.2148, 11.0893, -0.7335,  0.0239,  0.1089,
Q0    150, 1387, 1371,   16,    0,   0.0115,  9.2467, 11.1586, -0.7362,  0.0274,  0.1159,
Q0    151, 1397, 1381,   16,    0,   0.0115,  9.2517, 11.1745, -0.7381,  0.0280,  0.1174,
Q0    152, 1408, 1391,   16,    1,   0.0114,  9.2632, 11.1767, -0.7402,  0.0292,  0.1177,
Q0    153, 1417, 1399,   16,    2,   0.0113,  9.2614, 11.1857, -0.7418,  0.0290,  0.1186,
Q0    154, 1428, 1412,   16,    0,   0.0112,  9.2727, 11.2045, -0.7438,  0.0303,  0.1204,
Q0    155, 1436, 1418,   16,    2,   0.0111,  9.2645, 11.1740, -0.7452,  0.0294,  0.1174,
Q0    156, 1443, 1423,   16,    4,   0.0111,  9.2500, 11.1407, -0.7465,  0.0278,  0.1141,
Q0    157, 1460, 1437,   17,    6,   0.0116,  9.2994, 11.1642, -0.7337,  0.0333,  0.1164,
Q0    158, 1472, 1447,   17,    8,   0.0115,  9.3165, 11.1404, -0.7359,  0.0352,  0.1140,
Q0    159, 1482, 1456,   17,    9,   0.0115,  9.3208, 11.1277, -0.7377,  0.0356,  0.1128,
Qid, Time, Sent, Recv, Over, Wait,    P_blk,    Arrv,    Serv,   Epblk,   Earrv,   Eserv
Q0    160, 1494, 1466,   19,    9,   0.0127,  9.3375, 11.1229, -0.7092,  0.0375,  0.1123,
Q0    161, 1497, 1471,   19,    7,   0.0127,  9.2981, 11.0784, -0.7098,  0.0331,  0.1078,
Q0    162, 1512, 1484,   24,    4,   0.0159,  9.3333, 11.0663, -0.6370,  0.0370,  0.1066,
Q0    163, 1531, 1489,   32,   10,   0.0209,  9.3926, 11.0510, -0.5221,  0.0436,  0.1051,
Q0    164, 1540, 1498,   32,   10,   0.0208,  9.3902, 11.0286, -0.5249,  0.0434,  0.1029,
Q0    165, 1544, 1509,   32,    3,   0.0207,  9.3576, 11.0056, -0.5261,  0.0397,  0.1006,
Q0    166, 1553, 1517,   32,    4,   0.0206,  9.3554, 10.9998, -0.5288,  0.0395,  0.1000,
Q0    167, 1564, 1528,   32,    4,   0.0205,  9.3653, 10.9996, -0.5321,  0.0406,  0.1000,
Q0    168, 1572, 1539,   32,    1,   0.0204,  9.3571, 10.9831, -0.5345,  0.0397,  0.0983,
Q0    169, 1585, 1546,   32,    7,   0.0202,  9.3787, 10.9722, -0.5383,  0.0421,  0.0972,
Q0    170, 1595, 1560,   32,    3,   0.0201,  9.3824, 10.9997, -0.5412,  0.0425,  0.1000,
Q0    171, 1604, 1572,   32,    0,   0.0200,  9.3801, 11.0264, -0.5438,  0.0422,  0.1026,
Q0    172, 1618, 1581,   32,    5,   0.0198,  9.4070, 11.0034, -0.5478,  0.0452,  0.1003,
Q0    173, 1621, 1587,   32,    2,   0.0197,  9.3699, 10.9882, -0.5486,  0.0411,  0.0988,
Q0    174, 1630, 1598,   32,    0,   0.0196,  9.3678, 11.0132, -0.5511,  0.0409,  0.1013,
Q0    175, 1639, 1604,   32,    3,   0.0195,  9.3657, 10.9990, -0.5536,  0.0406,  0.0999,
Q0    176, 1645, 1613,   32,    0,   0.0195,  9.3466, 10.9904, -0.5552,  0.0385,  0.0990,
Q0    177, 1657, 1625,   32,    0,   0.0193,  9.3616, 11.0043, -0.5584,  0.0402,  0.1004,
Q0    178, 1667, 1634,   32,    1,   0.0192,  9.3652, 11.0005, -0.5611,  0.0406,  0.1001,
Q0    179, 1674, 1640,   32,    2,   0.0191,  9.3520, 10.9675, -0.5629,  0.0391,  0.0968,
Qid, Time, Sent, Recv, Over, Wait,    P_blk,    Arrv,    Serv,   Epblk,   Earrv,   Eserv
Q0    180, 1683, 1650,   32,    1,   0.0190,  9.3500, 10.9737, -0.5652,  0.0389,  0.0974,
Q0    181, 1698, 1663,   32,    3,   0.0188,  9.3812, 10.9936, -0.5691,  0.0424,  0.0994,
Q0    182, 1706, 1674,   32,    0,   0.0188,  9.3736, 11.0156, -0.5711,  0.0415,  0.1016,
Q0    183, 1721, 1685,   32,    4,   0.0186,  9.4044, 11.0334, -0.5748,  0.0449,  0.1033,
Q0    184, 1732, 1692,   32,    8,   0.0185,  9.4130, 10.9799, -0.5775,  0.0459,  0.0980,
Q0    185, 1743, 1696,   37,   10,   0.0212,  9.4216, 10.9580, -0.5146,  0.0468,  0.0958,
Q0    186, 1753, 1707,   39,    7,   0.0222,  9.4247, 10.9581, -0.4913,  0.0472,  0.0958,
Q0    187, 1763, 1717,   39,    7,   0.0221,  9.4278, 10.9357, -0.4942,  0.0475,  0.0936,
Q0    188, 1774, 1724,   40,   10,   0.0225,  9.4362, 10.9216, -0.4844,  0.0485,  0.0922,
Q0    189, 1781, 1733,   42,    6,   0.0236,  9.4233, 10.9121, -0.4608,  0.0470,  0.0912,
Q0    190, 1785, 1743,   42,    0,   0.0235,  9.3947, 10.9176, -0.4620,  0.0439,  0.0918,
Q0    191, 1796, 1752,   42,    2,   0.0234,  9.4031, 10.9230, -0.4653,  0.0448,  0.0923,
Q0    192, 1807, 1760,   42,    5,   0.0232,  9.4115, 10.9058, -0.4685,  0.0457,  0.0906,
Q0    193, 1817, 1772,   42,    3,   0.0231,  9.4145, 10.9024, -0.4714,  0.0461,  0.0902,
Q0    194, 1829, 1784,   42,    3,   0.0230,  9.4278, 10.9240, -0.4749,  0.0475,  0.0924,
Q0    195, 1838, 1795,   42,    1,   0.0229,  9.4256, 10.9208, -0.4775,  0.0473,  0.0921,
Q0    196, 1845, 1803,   42,    0,   0.0228,  9.4133, 10.9103, -0.4795,  0.0459,  0.0910,
Q0    197, 1852, 1809,   42,    1,   0.0227,  9.4010, 10.9097, -0.4814,  0.0446,  0.0910,
Q0    198, 1861, 1815,   42,    4,   0.0226,  9.3990, 10.8783, -0.4839,  0.0443,  0.0878,
Q0    199, 1872, 1825,   42,    5,   0.0224,  9.4070, 10.8649, -0.4870,  0.0452,  0.0865,
Qid, Time, Sent, Recv, Over, Wait,    P_blk,    Arrv,    Serv,   Epblk,   Earrv,   Eserv
Q0    200, 1876, 1834,   42,    0,   0.0224,  9.3800, 10.8749, -0.4881,  0.0422,  0.0875,
Q0    201, 1883, 1840,   42,    1,   0.0223,  9.3682, 10.8586, -0.4900,  0.0409,  0.0859,
Q0    202, 1893, 1849,   42,    2,   0.0222,  9.3713, 10.8708, -0.4927,  0.0413,  0.0871,
Q0    203, 1897, 1855,   42,    0,   0.0221,  9.3448, 10.8752, -0.4937,  0.0383,  0.0875,
Q0    204, 1912, 1865,   42,    5,   0.0220,  9.3725, 10.8654, -0.4977,  0.0414,  0.0865,
Q0    205, 1922, 1876,   42,    4,   0.0219,  9.3756, 10.8703, -0.5003,  0.0417,  0.0870,
Q0    206, 1928, 1885,   42,    1,   0.0218,  9.3592, 10.8537, -0.5019,  0.0399,  0.0854,
Q0    207, 1936, 1893,   42,    1,   0.0217,  9.3527, 10.8351, -0.5039,  0.0392,  0.0835,
Q0    208, 1942, 1898,   42,    2,   0.0216,  9.3365, 10.8340, -0.5055,  0.0374,  0.0834,
Q0    209, 1946, 1904,   42,    0,   0.0216,  9.3110, 10.8365, -0.5065,  0.0346,  0.0837,
Q0    210, 1958, 1915,   42,    1,   0.0215,  9.3238, 10.8665, -0.5095,  0.0360,  0.0867,
Q0    211, 1966, 1924,   42,    0,   0.0214,  9.3175, 10.8718, -0.5115,  0.0353,  0.0872,
Q0    212, 1974, 1932,   42,    0,   0.0213,  9.3113, 10.8778, -0.5135,  0.0346,  0.0878,
Q0    213, 1985, 1936,   42,    7,   0.0212,  9.3192, 10.8633, -0.5162,  0.0355,  0.0863,
Q0    214, 1996, 1946,   42,    8,   0.0210,  9.3271, 10.8414, -0.5188,  0.0363,  0.0841,
Q0    215, 2005, 1958,   44,    3,   0.0219,  9.3256, 10.8636, -0.4982,  0.0362,  0.0864,
Q0    216, 2013, 1965,   44,    4,   0.0219,  9.3194, 10.8292, -0.5002,  0.0355,  0.0829,
Q0    217, 2023, 1969,   44,   10,   0.0217,  9.3226, 10.7810, -0.5027,  0.0358,  0.0781,
Q0    218, 2032, 1975,   48,    9,   0.0236,  9.3211, 10.7790, -0.4598,  0.0357,  0.0779,
Q0    219, 2045, 1991,   48,    6,   0.0235,  9.3379, 10.7994, -0.4633,  0.0375,  0.0799,
Qid, Time, Sent, Recv, Over, Wait,    P_blk,    Arrv,    Serv,   Epblk,   Earrv,   Eserv
Q0    220, 2050, 2002,   48,    0,   0.0234,  9.3227, 10.8027, -0.4649,  0.0359,  0.0803,
Q0    221, 2060, 2010,   48,    2,   0.0233,  9.3213, 10.8025, -0.4672,  0.0357,  0.0802,
Q0    222, 2068, 2016,   48,    4,   0.0232,  9.3153, 10.7742, -0.4693,  0.0350,  0.0774,
Q0    223, 2078, 2018,   50,   10,   0.0241,  9.3184, 10.7482, -0.4498,  0.0354,  0.0748,
Q0    224, 2092, 2023,   59,   10,   0.0282,  9.3393, 10.7124, -0.3551,  0.0377,  0.0712,
Q0    225, 2104, 2035,   60,    9,   0.0285,  9.3511, 10.7239, -0.3479,  0.0390,  0.0724,
Q0    226, 2110, 2050,   60,    0,   0.0284,  9.3363, 10.7507, -0.3498,  0.0374,  0.0751,
Q0    227, 2120, 2052,   60,    8,   0.0283,  9.3392, 10.7067, -0.3528,  0.0377,  0.0707,
Q0    228, 2128, 2060,   60,    8,   0.0282,  9.3333, 10.7035, -0.3553,  0.0370,  0.0703,
Q0    229, 2133, 2070,   60,    3,   0.0281,  9.3144, 10.6980, -0.3568,  0.0349,  0.0698,
Q0    230, 2141, 2081,   60,    0,   0.0280,  9.3087, 10.7030, -0.3592,  0.0343,  0.0703,
Q0    231, 2151, 2091,   60,    0,   0.0279,  9.3117, 10.6888, -0.3622,  0.0346,  0.0689,
Q0    232, 2163, 2103,   60,    0,   0.0277,  9.3233, 10.7212, -0.3657,  0.0359,  0.0721,
Q0    233, 2175, 2115,   60,    0,   0.0276,  9.3348, 10.7308, -0.3692,  0.0372,  0.0731,
Q0    234, 2182, 2122,   60,    0,   0.0275,  9.3248, 10.7492, -0.3712,  0.0361,  0.0749,
Q0    235, 2189, 2129,   60,    0,   0.0274,  9.3149, 10.7468, -0.3732,  0.0350,  0.0747,
Q0    236, 2197, 2134,   60,    3,   0.0273,  9.3093, 10.7586, -0.3755,  0.0344,  0.0759,
Q0    237, 2210, 2147,   60,    3,   0.0271,  9.3249, 10.7590, -0.3792,  0.0361,  0.0759,
Q0    238, 2219, 2154,   60,    5,   0.0270,  9.3235, 10.7410, -0.3817,  0.0359,  0.0741,
Q0    239, 2228, 2164,   60,    4,   0.0269,  9.3222, 10.7461, -0.3842,  0.0358,  0.0746,
Qid, Time, Sent, Recv, Over, Wait,    P_blk,    Arrv,    Serv,   Epblk,   Earrv,   Eserv
Q0    240, 2236, 2175,   60,    1,   0.0268,  9.3167, 10.7510, -0.3864,  0.0352,  0.0751,
Q0    241, 2240, 2180,   60,    0,   0.0268,  9.2946, 10.7531, -0.3875,  0.0327,  0.0753,
Q0    242, 2249, 2189,   60,    0,   0.0267,  9.2934, 10.7555, -0.3900,  0.0326,  0.0756,
Q0    243, 2257, 2197,   60,    0,   0.0266,  9.2881, 10.7557, -0.3921,  0.0320,  0.0756,
Q0    244, 2268, 2208,   60,    0,   0.0265,  9.2951, 10.7697, -0.3951,  0.0328,  0.0770,
Q0    245, 2281, 2214,   60,    7,   0.0263,  9.3102, 10.7640, -0.3985,  0.0345,  0.0764,
Q0    246, 2288, 2226,   60,    2,   0.0262,  9.3008, 10.7638, -0.4004,  0.0334,  0.0764,
Q0    247, 2296, 2233,   60,    3,   0.0261,  9.2955, 10.7474, -0.4024,  0.0328,  0.0747,
Q0    248, 2303, 2243,   60,    0,   0.0261,  9.2863, 10.7598, -0.4043,  0.0318,  0.0760,
Q0    249, 2310, 2250,   60,    0,   0.0260,  9.2771, 10.7526, -0.4061,  0.0308,  0.0753,
Q0    250, 2321, 2260,   60,    1,   0.0259,  9.2840, 10.7517, -0.4089,  0.0316,  0.0752,
Q0    251, 2333, 2273,   60,    0,   0.0257,  9.2948, 10.7594, -0.4119,  0.0328,  0.0759,
Q0    252, 2338, 2277,   60,    1,   0.0257,  9.2778, 10.7585, -0.4132,  0.0309,  0.0758,
Q0    253, 2347, 2284,   60,    3,   0.0256,  9.2767, 10.7541, -0.4154,  0.0307,  0.0754,
Q0    254, 2354, 2290,   60,    4,   0.0255,  9.2677, 10.7350, -0.4172,  0.0297,  0.0735,
Q0    255, 2362, 2298,   60,    4,   0.0254,  9.2627, 10.7359, -0.4191,  0.0292,  0.0736,
Q0    256, 2381, 2312,   60,    9,   0.0252,  9.3008, 10.7536, -0.4238,  0.0334,  0.0754,
Q0    257, 2393, 2328,   60,    5,   0.0251,  9.3113, 10.7654, -0.4267,  0.0346,  0.0765,
Q0    258, 2400, 2339,   60,    1,   0.0250,  9.3023, 10.7658, -0.4283,  0.0336,  0.0766,
Q0    259, 2412, 2349,   60,    3,   0.0249,  9.3127, 10.7702, -0.4312,  0.0347,  0.0770,
Qid, Time, Sent, Recv, Over, Wait,    P_blk,    Arrv,    Serv,   Epblk,   Earrv,   Eserv
Q0    260, 2425, 2357,   60,    8,   0.0247,  9.3269, 10.7592, -0.4342,  0.0363,  0.0759,
Q0    261, 2430, 2364,   60,    6,   0.0247,  9.3103, 10.7308, -0.4354,  0.0345,  0.0731,
Q0    262, 2440, 2371,   63,    6,   0.0258,  9.3130, 10.7232, -0.4096,  0.0348,  0.0723,
Q0    263, 2445, 2380,   63,    2,   0.0258,  9.2966, 10.7150, -0.4108,  0.0330,  0.0715,
Q0    264, 2454, 2389,   63,    2,   0.0257,  9.2955, 10.7003, -0.4130,  0.0328,  0.0700,
Q0    265, 2463, 2396,   63,    4,   0.0256,  9.2943, 10.7060, -0.4151,  0.0327,  0.0706,
Q0    266, 2470, 2407,   63,    0,   0.0255,  9.2857, 10.7197, -0.4168,  0.0317,  0.0720,
Q0    267, 2480, 2413,   63,    4,   0.0254,  9.2884, 10.7019, -0.4191,  0.0320,  0.0702,
Q0    268, 2488, 2424,   63,    1,   0.0253,  9.2836, 10.7089, -0.4210,  0.0315,  0.0709,
Q0    269, 2496, 2433,   63,    0,   0.0252,  9.2788, 10.7047, -0.4228,  0.0310,  0.0705,
Q0    270, 2507, 2442,   63,    2,   0.0251,  9.2852, 10.7087, -0.4254,  0.0317,  0.0709,
Q0    271, 2523, 2455,   63,    5,   0.0250,  9.3100, 10.7155, -0.4290,  0.0344,  0.0716,
Q0    272, 2532, 2466,   63,    3,   0.0249,  9.3088, 10.7134, -0.4311,  0.0343,  0.0713,
Q0    273, 2546, 2476,   63,    7,   0.0247,  9.3260, 10.7114, -0.4342,  0.0362,  0.0711,
Q0    274, 2557, 2493,   64,    0,   0.0250,  9.3321, 10.7466, -0.4277,  0.0369,  0.0747,
Q0    275, 2569, 2499,   64,    6,   0.0249,  9.3418, 10.7298, -0.4303,  0.0380,  0.0730,
Q0    276, 2579, 2509,   64,    6,   0.0248,  9.3442, 10.7248, -0.4326,  0.0382,  0.0725,
Q0    277, 2587, 2518,   64,    5,   0.0247,  9.3393, 10.7184, -0.4343,  0.0377,  0.0718,
Q0    278, 2602, 2525,   67,   10,   0.0257,  9.3597, 10.7002, -0.4112,  0.0400,  0.0700,
Q0    279, 2609, 2535,   69,    5,   0.0264,  9.3513, 10.6940, -0.3953,  0.0390,  0.0694,
Qid, Time, Sent, Recv, Over, Wait,    P_blk,    Arrv,    Serv,   Epblk,   Earrv,   Eserv
Q0    280, 2617, 2548,   69,    0,   0.0264,  9.3464, 10.7067, -0.3971,  0.0385,  0.0707,
Q0    281, 2628, 2551,   69,    8,   0.0263,  9.3523, 10.6693, -0.3996,  0.0391,  0.0669,
Q0    282, 2634, 2559,   71,    4,   0.0270,  9.3404, 10.6583, -0.3836,  0.0378,  0.0658,
Q0    283, 2647, 2565,   73,    9,   0.0276,  9.3534, 10.6403, -0.3694,  0.0393,  0.0640,
Q0    284, 2660, 2577,   76,    7,   0.0286,  9.3662, 10.6410, -0.3467,  0.0407,  0.0641,
Q0    285, 2670, 2588,   79,    3,   0.0296,  9.3684, 10.6444, -0.3234,  0.0409,  0.0644,
Q0    286, 2683, 2596,   80,    7,   0.0298,  9.3811, 10.6383, -0.3182,  0.0423,  0.0638,
Q0    287, 2697, 2606,   83,    8,   0.0308,  9.3972, 10.6367, -0.2963,  0.0441,  0.0637,
Q0    288, 2704, 2621,   83,    0,   0.0307,  9.3889, 10.6559, -0.2981,  0.0432,  0.0656,
Q0    289, 2712, 2626,   83,    3,   0.0306,  9.3841, 10.6305, -0.3002,  0.0427,  0.0630,
Q0    290, 2729, 2640,   83,    6,   0.0304,  9.4103, 10.6459, -0.3045,  0.0456,  0.0646,
Q0    291, 2736, 2647,   83,    6,   0.0303,  9.4021, 10.6359, -0.3063,  0.0447,  0.0636,
Q0    292, 2743, 2651,   83,    9,   0.0303,  9.3938, 10.6135, -0.3081,  0.0438,  0.0613,
Q0    293, 2754, 2664,   83,    7,   0.0301,  9.3993, 10.6220, -0.3109,  0.0444,  0.0622,
Q0    294, 2761, 2675,   83,    3,   0.0301,  9.3912, 10.6218, -0.3126,  0.0435,  0.0622,
Q0    295, 2767, 2684,   83,    0,   0.0300,  9.3797, 10.6381, -0.3141,  0.0422,  0.0638,
Q0    296, 2778, 2695,   83,    0,   0.0299,  9.3851, 10.6563, -0.3168,  0.0428,  0.0656,
Q0    297, 2784, 2701,   83,    0,   0.0298,  9.3737, 10.6565, -0.3183,  0.0415,  0.0657,
Q0    298, 2793, 2705,   83,    5,   0.0297,  9.3725, 10.6423, -0.3205,  0.0414,  0.0642,
Q0    299, 2800, 2716,   83,    1,   0.0296,  9.3645, 10.6471, -0.3222,  0.0405,  0.0647,
Qid, Time, Sent, Recv, Over, Wait,    P_blk,    Arrv,    Serv,   Epblk,   Earrv,   Eserv
Q0    300, 2806, 2723,   83,    0,   0.0296,  9.3533, 10.6560, -0.3236,  0.0393,  0.0656,
Q0    301, 2821, 2730,   83,    8,   0.0294,  9.3721, 10.6428, -0.3272,  0.0413,  0.0643,
Q0    302, 2832, 2744,   85,    3,   0.0300,  9.3775, 10.6496, -0.3137,  0.0419,  0.0650,
Q0    303, 2843, 2749,   85,    9,   0.0299,  9.3828, 10.6366, -0.3163,  0.0425,  0.0637,
Q0    304, 2847, 2759,   85,    3,   0.0299,  9.3651, 10.6323, -0.3173,  0.0406,  0.0632,
Q0    305, 2856, 2768,   85,    3,   0.0298,  9.3639, 10.6186, -0.3195,  0.0404,  0.0619,
Q0    306, 2867, 2775,   85,    7,   0.0296,  9.3693, 10.6109, -0.3221,  0.0410,  0.0611,
Q0    307, 2873, 2783,   85,    5,   0.0296,  9.3583, 10.5845, -0.3235,  0.0398,  0.0585,
Q0    308, 2886, 2788,   89,    9,   0.0308,  9.3701, 10.5771, -0.2948,  0.0411,  0.0577,
Q0    309, 2892, 2797,   90,    5,   0.0311,  9.3592, 10.5710, -0.2884,  0.0399,  0.0571,
Q0    310, 2905, 2806,   90,    9,   0.0310,  9.3710, 10.5675, -0.2916,  0.0412,  0.0568,
Q0    311, 2914, 2822,   90,    2,   0.0309,  9.3698, 10.5852, -0.2938,  0.0411,  0.0585,
Q0    312, 2926, 2833,   90,    3,   0.0308,  9.3782, 10.5884, -0.2967,  0.0420,  0.0588,
Q0    313, 2934, 2843,   90,    1,   0.0307,  9.3738, 10.5839, -0.2986,  0.0415,  0.0584,
Q0    314, 2943, 2853,   90,    0,   0.0306,  9.3726, 10.5807, -0.3007,  0.0414,  0.0581,
Q0    315, 2946, 2856,   90,    0,   0.0305,  9.3524, 10.5839, -0.3014,  0.0392,  0.0584,
Q0    316, 2958, 2864,   90,    4,   0.0304,  9.3608, 10.5746, -0.3043,  0.0401,  0.0575,
Q0    317, 2972, 2871,   93,    8,   0.0313,  9.3754, 10.5642, -0.2845,  0.0417,  0.0564,
Q0    318, 2980, 2879,   95,    6,   0.0319,  9.3711, 10.5587, -0.2710,  0.0412,  0.0559,
Q0    319, 2985, 2890,   95,    0,   0.0318,  9.3574, 10.5604, -0.2723,  0.0397,  0.0560,
Qid, Time, Sent, Recv, Over, Wait,    P_blk,    Arrv,    Serv,   Epblk,   Earrv,   Eserv
Q0    320, 2994, 2897,   95,    2,   0.0317,  9.3562, 10.5530, -0.2744,  0.0396,  0.0553,
Q0    321, 3003, 2908,   95,    0,   0.0316,  9.3551, 10.5600, -0.2766,  0.0395,  0.0560,
Q0    322, 3012, 2914,   95,    3,   0.0315,  9.3540, 10.5454, -0.2788,  0.0393,  0.0545,
Q0    323, 3019, 2924,   95,    0,   0.0315,  9.3467, 10.5502, -0.2805,  0.0385,  0.0550,
Q0    324, 3027, 2931,   95,    1,   0.0314,  9.3426, 10.5584, -0.2824,  0.0381,  0.0558,
Q0    325, 3036, 2941,   95,    0,   0.0313,  9.3415, 10.5728, -0.2845,  0.0379,  0.0573,
Q0    326, 3044, 2949,   95,    0,   0.0312,  9.3374, 10.5877, -0.2864,  0.0375,  0.0588,
Q0    327, 3055, 2958,   95,    2,   0.0311,  9.3425, 10.5924, -0.2889,  0.0381,  0.0592,
Q0    328, 3067, 2970,   95,    2,   0.0310,  9.3506, 10.6068, -0.2917,  0.0390,  0.0607,
Q0    329, 3075, 2977,   95,    3,   0.0309,  9.3465, 10.5981, -0.2936,  0.0385,  0.0598,
Q0    330, 3088, 2988,   95,    5,   0.0308,  9.3576, 10.5965, -0.2965,  0.0397,  0.0596,
Q0    331, 3098, 3003,   95,    0,   0.0307,  9.3595, 10.6170, -0.2988,  0.0399,  0.0617,
Q0    332, 3108, 3012,   95,    1,   0.0306,  9.3614, 10.6147, -0.3011,  0.0402,  0.0615,
Q0    333, 3116, 3019,   95,    2,   0.0305,  9.3574, 10.6004, -0.3029,  0.0397,  0.0600,
Q0    334, 3122, 3027,   95,    0,   0.0304,  9.3473, 10.6079, -0.3042,  0.0386,  0.0608,
Q0    335, 3132, 3037,   95,    0,   0.0303,  9.3493, 10.6156, -0.3064,  0.0388,  0.0616,
Q0    336, 3141, 3041,   95,    5,   0.0302,  9.3482, 10.5977, -0.3084,  0.0387,  0.0598,
Q0    337, 3147, 3048,   95,    4,   0.0302,  9.3383, 10.5783, -0.3097,  0.0376,  0.0578,
Q0    338, 3155, 3057,   95,    3,   0.0301,  9.3343, 10.5741, -0.3115,  0.0371,  0.0574,
Q0    339, 3163, 3064,   95,    4,   0.0300,  9.3304, 10.5647, -0.3132,  0.0367,  0.0565,
Qid, Time, Sent, Recv, Over, Wait,    P_blk,    Arrv,    Serv,   Epblk,   Earrv,   Eserv
Q0    340, 3171, 3076,   95,    0,   0.0300,  9.3265, 10.5752, -0.3149,  0.0363,  0.0575,
Q0    341, 3179, 3084,   95,    0,   0.0299,  9.3226, 10.5760, -0.3167,  0.0358,  0.0576,
Q0    342, 3190, 3093,   95,    2,   0.0298,  9.3275, 10.5757, -0.3190,  0.0364,  0.0576,
Q0    343, 3198, 3102,   95,    1,   0.0297,  9.3236, 10.5752, -0.3207,  0.0360,  0.0575,
Q0    344, 3203, 3108,   95,    0,   0.0297,  9.3110, 10.5788, -0.3218,  0.0346,  0.0579,
Q0    345, 3209, 3114,   95,    0,   0.0296,  9.3014, 10.5801, -0.3231,  0.0335,  0.0580,
Q0    346, 3216, 3120,   95,    1,   0.0295,  9.2948, 10.5908, -0.3245,  0.0328,  0.0591,
Q0    347, 3222, 3127,   95,    0,   0.0295,  9.2853, 10.6018, -0.3258,  0.0317,  0.0602,
Q0    348, 3228, 3132,   95,    1,   0.0294,  9.2759, 10.6021, -0.3270,  0.0307,  0.0602,
Q0    349, 3242, 3137,   95,   10,   0.0293,  9.2894, 10.5859, -0.3299,  0.0322,  0.0586,
Q0    350, 3252, 3147,   97,    8,   0.0298,  9.2914, 10.5866, -0.3179,  0.0324,  0.0587,
Q0    351, 3259, 3159,   97,    3,   0.0298,  9.2849, 10.5858, -0.3194,  0.0317,  0.0586,
Q0    352, 3270, 3170,   97,    3,   0.0297,  9.2898, 10.5876, -0.3217,  0.0322,  0.0588,
Q0    353, 3283, 3177,   97,    9,   0.0295,  9.3003, 10.5745, -0.3244,  0.0334,  0.0574,
Q0    354, 3290, 3185,   97,    8,   0.0295,  9.2938, 10.5693, -0.3258,  0.0326,  0.0569,
Q0    355, 3301, 3202,   97,    2,   0.0294,  9.2986, 10.5909, -0.3281,  0.0332,  0.0591,
Q0    356, 3310, 3213,   97,    0,   0.0293,  9.2978, 10.5976, -0.3299,  0.0331,  0.0598,
Q0    357, 3317, 3220,   97,    0,   0.0292,  9.2913, 10.5989, -0.3313,  0.0324,  0.0599,
Q0    358, 3322, 3224,   97,    1,   0.0292,  9.2793, 10.5777, -0.3323,  0.0310,  0.0578,
Q0    359, 3330, 3233,   97,    0,   0.0291,  9.2758, 10.5792, -0.3339,  0.0306,  0.0579,
Qid, Time, Sent, Recv, Over, Wait,    P_blk,    Arrv,    Serv,   Epblk,   Earrv,   Eserv
Q0    360, 3335, 3238,   97,    0,   0.0291,  9.2639, 10.5863, -0.3349,  0.0293,  0.0586,
Q0    361, 3349, 3247,   97,    5,   0.0290,  9.2770, 10.5823, -0.3377,  0.0308,  0.0582,
Q0    362, 3356, 3256,   97,    3,   0.0289,  9.2707, 10.5750, -0.3391,  0.0301,  0.0575,
Q0    363, 3364, 3267,   97,    0,   0.0288,  9.2672, 10.5807, -0.3407,  0.0297,  0.0581,
Q0    364, 3378, 3276,   97,    5,   0.0287,  9.2802, 10.5778, -0.3434,  0.0311,  0.0578,
Q0    365, 3388, 3284,   97,    7,   0.0286,  9.2822, 10.5701, -0.3453,  0.0314,  0.0570,
Q0    366, 3397, 3299,   97,    1,   0.0286,  9.2814, 10.5877, -0.3471,  0.0313,  0.0588,
Q0    367, 3404, 3306,   97,    1,   0.0285,  9.2752, 10.5915, -0.3484,  0.0306,  0.0592,
Q0    368, 3417, 3315,   97,    5,   0.0284,  9.2853, 10.5852, -0.3509,  0.0317,  0.0585,
Q0    369, 3423, 3322,   97,    4,   0.0283,  9.2764, 10.5814, -0.3520,  0.0307,  0.0581,
Q0    370, 3433, 3335,   97,    1,   0.0283,  9.2784, 10.5828, -0.3539,  0.0309,  0.0583,
Q0    371, 3443, 3342,   97,    4,   0.0282,  9.2803, 10.5769, -0.3558,  0.0311,  0.0577,
Q0    372, 3447, 3350,   97,    0,   0.0281,  9.2661, 10.5881, -0.3565,  0.0296,  0.0588,
Q0    373, 3456, 3354,   97,    5,   0.0281,  9.2654, 10.5726, -0.3582,  0.0295,  0.0573,
Q0    374, 3462, 3363,   97,    2,   0.0280,  9.2567, 10.5673, -0.3593,  0.0285,  0.0567,
Q0    375, 3468, 3368,   97,    3,   0.0280,  9.2480, 10.5459, -0.3604,  0.0276,  0.0546,
Q0    376, 3470, 3373,   97,    0,   0.0280,  9.2287, 10.5478, -0.3608,  0.0254,  0.0548,
Q0    377, 3479, 3380,   97,    2,   0.0279,  9.2281, 10.5396, -0.3624,  0.0253,  0.0540,
Q0    378, 3488, 3387,   97,    4,   0.0278,  9.2275, 10.5286, -0.3641,  0.0253,  0.0529,
Q0    379, 3503, 3398,   97,    8,   0.0277,  9.2427, 10.5319, -0.3668,  0.0270,  0.0532,
Qid, Time, Sent, Recv, Over, Wait,    P_blk,    Arrv,    Serv,   Epblk,   Earrv,   Eserv
Q0    380, 3509, 3411,   97,    1,   0.0276,  9.2342, 10.5282, -0.3679,  0.0260,  0.0528,
Q0    381, 3517, 3418,   97,    2,   0.0276,  9.2310, 10.5276, -0.3693,  0.0257,  0.0528,
Q0    382, 3529, 3426,   97,    6,   0.0275,  9.2382, 10.5190, -0.3715,  0.0265,  0.0519,
Q0    383, 3534, 3436,   97,    1,   0.0274,  9.2272, 10.5259, -0.3724,  0.0252,  0.0526,
Q0    384, 3551, 3452,   97,    2,   0.0273,  9.2474, 10.5458, -0.3754,  0.0275,  0.0546,
Q0    385, 3563, 3464,   97,    2,   0.0272,  9.2545, 10.5499, -0.3775,  0.0283,  0.0550,
Q0    386, 3572, 3473,   97,    2,   0.0272,  9.2539, 10.5481, -0.3790,  0.0282,  0.0548,
Q0    387, 3586, 3484,   97,    5,   0.0270,  9.2661, 10.5487, -0.3815,  0.0296,  0.0549,
Q0    388, 3597, 3495,   97,    5,   0.0270,  9.2706, 10.5505, -0.3834,  0.0301,  0.0550,
Q0    389, 3609, 3506,   98,    5,   0.0272,  9.2776, 10.5533, -0.3791,  0.0308,  0.0553,
Q0    390, 3614, 3516,   98,    0,   0.0271,  9.2667, 10.5589, -0.3799,  0.0296,  0.0559,
Q0    391, 3626, 3525,   98,    3,   0.0270,  9.2737, 10.5514, -0.3820,  0.0304,  0.0551,
Q0    392, 3637, 3538,   98,    0,   0.0269,  9.2781, 10.5637, -0.3839,  0.0309,  0.0564,
Q0    393, 3648, 3550,   98,    0,   0.0269,  9.2824, 10.5815, -0.3857,  0.0314,  0.0581,
Q0    394, 3657, 3558,   98,    1,   0.0268,  9.2817, 10.5767, -0.3872,  0.0313,  0.0577,
Q0    395, 3670, 3568,   98,    4,   0.0267,  9.2911, 10.5657, -0.3894,  0.0323,  0.0566,
Q0    396, 3676, 3577,   98,    1,   0.0267,  9.2828, 10.5629, -0.3904,  0.0314,  0.0563,
Q0    397, 3686, 3582,   98,    6,   0.0266,  9.2846, 10.5454, -0.3921,  0.0316,  0.0545,
Q0    398, 3696, 3590,   98,    8,   0.0265,  9.2864, 10.5383, -0.3937,  0.0318,  0.0538,
Q0    399, 3705, 3598,   98,    9,   0.0265,  9.2857, 10.5382, -0.3952,  0.0317,  0.0538,
Qid, Time, Sent, Recv, Over, Wait,    P_blk,    Arrv,    Serv,   Epblk,   Earrv,   Eserv
Q0    400, 3718, 3607,  104,    7,   0.0280,  9.2950, 10.5315, -0.3604,  0.0328,  0.0531,
Q0    401, 3730, 3618,  104,    8,   0.0279,  9.3017, 10.5270, -0.3624,  0.0335,  0.0527,
Q0    402, 3746, 3626,  110,   10,   0.0294,  9.3184, 10.5274, -0.3285,  0.0354,  0.0527,
Q0    403, 3755, 3635,  116,    4,   0.0309,  9.3176, 10.5230, -0.2936,  0.0353,  0.0523,
Q0    404, 3766, 3644,  117,    5,   0.0311,  9.3218, 10.5140, -0.2896,  0.0358,  0.0514,
Q0    405, 3771, 3654,  117,    0,   0.0310,  9.3111, 10.5152, -0.2905,  0.0346,  0.0515,
Q0    406, 3782, 3663,  117,    2,   0.0309,  9.3153, 10.5109, -0.2926,  0.0350,  0.0511,
Q0    407, 3792, 3673,  117,    2,   0.0309,  9.3170, 10.5143, -0.2945,  0.0352,  0.0514,
Q0    408, 3798, 3678,  117,    3,   0.0308,  9.3088, 10.5004, -0.2956,  0.0343,  0.0500,
Q0    409, 3808, 3687,  117,    4,   0.0307,  9.3105, 10.4934, -0.2974,  0.0345,  0.0493,
Q0    410, 3819, 3692,  117,   10,   0.0306,  9.3146, 10.4829, -0.2995,  0.0350,  0.0483,
Q0    411, 3831, 3705,  119,    7,   0.0311,  9.3212, 10.4890, -0.2897,  0.0357,  0.0489,
Q0    412, 3835, 3716,  119,    0,   0.0310,  9.3083, 10.4918, -0.2905,  0.0343,  0.0492,
Q0    413, 3845, 3723,  119,    3,   0.0309,  9.3099, 10.4869, -0.2923,  0.0344,  0.0487,
Q0    414, 3852, 3733,  119,    0,   0.0309,  9.3043, 10.5041, -0.2936,  0.0338,  0.0504,
Q0    415, 3859, 3740,  119,    0,   0.0308,  9.2988, 10.5069, -0.2949,  0.0332,  0.0507,
Q0    416, 3870, 3751,  119,    0,   0.0307,  9.3029, 10.5212, -0.2969,  0.0337,  0.0521,
Q0    417, 3881, 3762,  119,    0,   0.0307,  9.3070, 10.5270, -0.2989,  0.0341,  0.0527,
Q0    418, 3886, 3767,  119,    0,   0.0306,  9.2967, 10.5339, -0.2998,  0.0330,  0.0534,
Q0    419, 3891, 3772,  119,    0,   0.0306,  9.2864, 10.5389, -0.3007,  0.0318,  0.0539,
Qid, Time, Sent, Recv, Over, Wait,    P_blk,    Arrv,    Serv,   Epblk,   Earrv,   Eserv
Q0    420, 3901, 3778,  119,    4,   0.0305,  9.2881, 10.5351, -0.3025,  0.0320,  0.0535,
Q0    421, 3907, 3786,  119,    2,   0.0305,  9.2803, 10.5265, -0.3035,  0.0311,  0.0527,
Q0    422, 3917, 3792,  119,    6,   0.0304,  9.2820, 10.5211, -0.3053,  0.0313,  0.0521,
Q0    423, 3932, 3805,  119,    8,   0.0303,  9.2955, 10.5280, -0.3080,  0.0328,  0.0528,
Q0    424, 3942, 3823,  119,    0,   0.0302,  9.2972, 10.5519, -0.3097,  0.0330,  0.0552,
Q0    425, 3948, 3829,  119,    0,   0.0301,  9.2894, 10.5482, -0.3108,  0.0322,  0.0548,
Q0    426, 3954, 3835,  119,    0,   0.0301,  9.2817, 10.5555, -0.3118,  0.0313,  0.0556,
Q0    427, 3962, 3841,  119,    2,   0.0300,  9.2787, 10.5568, -0.3132,  0.0310,  0.0557,
Q0    428, 3973, 3846,  119,    8,   0.0300,  9.2827, 10.5443, -0.3151,  0.0314,  0.0544,
Q0    429, 3981, 3856,  119,    6,   0.0299,  9.2797, 10.5436, -0.3165,  0.0311,  0.0544,
Q0    430, 3987, 3864,  119,    4,   0.0298,  9.2721, 10.5369, -0.3175,  0.0302,  0.0537,
Q0    431, 3996, 3871,  119,    6,   0.0298,  9.2715, 10.5265, -0.3190,  0.0302,  0.0526,
Q0    432, 4008, 3881,  119,    8,   0.0297,  9.2778, 10.5248, -0.3211,  0.0309,  0.0525,
Q0    433, 4016, 3896,  119,    1,   0.0296,  9.2748, 10.5364, -0.3224,  0.0305,  0.0536,
Q0    434, 4026, 3907,  119,    0,   0.0296,  9.2765, 10.5488, -0.3241,  0.0307,  0.0549,
Q0    435, 4038, 3919,  119,    0,   0.0295,  9.2828, 10.5576, -0.3261,  0.0314,  0.0558,
Q0    436, 4046, 3927,  119,    0,   0.0294,  9.2798, 10.5706, -0.3275,  0.0311,  0.0571,
Q0    437, 4056, 3931,  119,    6,   0.0293,  9.2815, 10.5682, -0.3291,  0.0313,  0.0568,
Q0    438, 4063, 3943,  119,    1,   0.0293,  9.2763, 10.5717, -0.3303,  0.0307,  0.0572,
Q0    439, 4069, 3950,  119,    0,   0.0292,  9.2688, 10.5736, -0.3313,  0.0299,  0.0574,
Qid, Time, Sent, Recv, Over, Wait,    P_blk,    Arrv,    Serv,   Epblk,   Earrv,   Eserv
Q0    440, 4077, 3958,  119,    0,   0.0292,  9.2659, 10.5674, -0.3326,  0.0295,  0.0567,
Q0    441, 4083, 3964,  119,    0,   0.0291,  9.2585, 10.5749, -0.3336,  0.0287,  0.0575,
Q0    442, 4093, 3974,  119,    0,   0.0291,  9.2602, 10.5897, -0.3352,  0.0289,  0.0590,
Q0    443, 4101, 3978,  119,    4,   0.0290,  9.2573, 10.5824, -0.3365,  0.0286,  0.0582,
Q0    444, 4111, 3985,  119,    7,   0.0289,  9.2590, 10.5650, -0.3381,  0.0288,  0.0565,
Q0    445, 4121, 3992,  120,    9,   0.0291,  9.2607, 10.5643, -0.3342,  0.0290,  0.0564,
Q0    446, 4129, 3999,  123,    7,   0.0298,  9.2578, 10.5540, -0.3188,  0.0286,  0.0554,
Q0    447, 4139, 4010,  123,    6,   0.0297,  9.2595, 10.5564, -0.3205,  0.0288,  0.0556,
Q0    448, 4151, 4019,  123,    9,   0.0296,  9.2656, 10.5478, -0.3224,  0.0295,  0.0548,
Q0    449, 4162, 4030,  125,    7,   0.0300,  9.2695, 10.5524, -0.3132,  0.0299,  0.0552,
Q0    450, 4168, 4036,  125,    7,   0.0300,  9.2622, 10.5402, -0.3142,  0.0291,  0.0540,
Q0    451, 4177, 4043,  125,    9,   0.0299,  9.2616, 10.5295, -0.3157,  0.0291,  0.0530,
Q0    452, 4180, 4050,  125,    5,   0.0299,  9.2478, 10.5230, -0.3162,  0.0275,  0.0523,
Q0    453, 4187, 4062,  125,    0,   0.0299,  9.2428, 10.5306, -0.3173,  0.0270,  0.0531,
Q0    454, 4191, 4066,  125,    0,   0.0298,  9.2313, 10.5186, -0.3180,  0.0257,  0.0519,
Q0    455, 4200, 4075,  125,    0,   0.0298,  9.2308, 10.5188, -0.3195,  0.0256,  0.0519,
Q0    456, 4207, 4082,  125,    0,   0.0297,  9.2259, 10.5071, -0.3206,  0.0251,  0.0507,
Q0    457, 4219, 4094,  125,    0,   0.0296,  9.2319, 10.5225, -0.3225,  0.0258,  0.0523,
Q0    458, 4226, 4101,  125,    0,   0.0296,  9.2271, 10.5275, -0.3236,  0.0252,  0.0527,
Q0    459, 4235, 4110,  125,    0,   0.0295,  9.2266, 10.5282, -0.3251,  0.0252,  0.0528,
Qid, Time, Sent, Recv, Over, Wait,    P_blk,    Arrv,    Serv,   Epblk,   Earrv,   Eserv
Q0    460, 4241, 4116,  125,    0,   0.0295,  9.2196, 10.5198, -0.3260,  0.0244,  0.0520,
Q0    461, 4251, 4126,  125,    0,   0.0294,  9.2213, 10.5288, -0.3276,  0.0246,  0.0529,
Q0    462, 4263, 4134,  125,    4,   0.0293,  9.2273, 10.5223, -0.3295,  0.0253,  0.0522,
Q0    463, 4272, 4147,  125,    0,   0.0293,  9.2268, 10.5381, -0.3309,  0.0252,  0.0538,
Q0    464, 4283, 4155,  125,    3,   0.0292,  9.2306, 10.5335, -0.3326,  0.0256,  0.0534,
Q0    465, 4291, 4165,  125,    1,   0.0291,  9.2280, 10.5359, -0.3339,  0.0253,  0.0536,
Q0    466, 4300, 4175,  125,    0,   0.0291,  9.2275, 10.5350, -0.3353,  0.0253,  0.0535,
Q0    467, 4312, 4184,  125,    3,   0.0290,  9.2334, 10.5374, -0.3371,  0.0259,  0.0537,
Q0    468, 4322, 4197,  125,    0,   0.0289,  9.2350, 10.5513, -0.3387,  0.0261,  0.0551,
Q0    469, 4331, 4205,  125,    1,   0.0289,  9.2345, 10.5515, -0.3400,  0.0261,  0.0552,
Q0    470, 4343, 4214,  125,    4,   0.0288,  9.2404, 10.5492, -0.3419,  0.0267,  0.0549,
Q0    471, 4354, 4224,  125,    5,   0.0287,  9.2442, 10.5474, -0.3435,  0.0271,  0.0547,
Q0    472, 4360, 4231,  125,    4,   0.0287,  9.2373, 10.5384, -0.3444,  0.0264,  0.0538,
Q0    473, 4371, 4242,  125,    4,   0.0286,  9.2410, 10.5399, -0.3461,  0.0268,  0.0540,
Q0    474, 4378, 4249,  125,    4,   0.0286,  9.2363, 10.5303, -0.3471,  0.0263,  0.0530,
Q0    475, 4393, 4264,  125,    4,   0.0285,  9.2484, 10.5319, -0.3494,  0.0276,  0.0532,
Q0    476, 4403, 4277,  125,    1,   0.0284,  9.2500, 10.5461, -0.3508,  0.0278,  0.0546,
Q0    477, 4417, 4285,  125,    7,   0.0283,  9.2600, 10.5447, -0.3529,  0.0289,  0.0545,
Q0    478, 4427, 4297,  125,    5,   0.0282,  9.2615, 10.5450, -0.3543,  0.0291,  0.0545,
Q0    479, 4438, 4303,  126,    9,   0.0284,  9.2651, 10.5372, -0.3508,  0.0295,  0.0537,
Qid, Time, Sent, Recv, Over, Wait,    P_blk,    Arrv,    Serv,   Epblk,   Earrv,   Eserv
Q0    480, 4442, 4316,  126,    0,   0.0284,  9.2563, 10.5484, -0.3514,  0.0285,  0.0548,
Q0    481, 4455, 4322,  126,    7,   0.0283,  9.2620, 10.5369, -0.3533,  0.0291,  0.0537,
Q0    482, 4464, 4336,  126,    2,   0.0282,  9.2614, 10.5446, -0.3546,  0.0290,  0.0545,
Q0    483, 4475, 4346,  126,    3,   0.0282,  9.2650, 10.5430, -0.3562,  0.0294,  0.0543,
Q0    484, 4483, 4353,  126,    4,   0.0281,  9.2624, 10.5373, -0.3573,  0.0292,  0.0537,
Q0    485, 4491, 4362,  126,    3,   0.0281,  9.2598, 10.5316, -0.3585,  0.0289,  0.0532,
Q0    486, 4503, 4370,  126,    7,   0.0280,  9.2654, 10.5231, -0.3602,  0.0295,  0.0523,
Q0    487, 4512, 4378,  126,    8,   0.0279,  9.2649, 10.5213, -0.3614,  0.0294,  0.0521,
Q0    488, 4519, 4385,  126,    8,   0.0279,  9.2602, 10.5095, -0.3624,  0.0289,  0.0510,
Q0    489, 4529, 4392,  127,   10,   0.0280,  9.2618, 10.5041, -0.3588,  0.0291,  0.0504,
Q0    490, 4539, 4398,  131,   10,   0.0289,  9.2633, 10.4927, -0.3401,  0.0293,  0.0493,
Q0    491, 4551, 4415,  132,    4,   0.0290,  9.2688, 10.5078, -0.3368,  0.0299,  0.0508,
Q0    492, 4563, 4426,  132,    5,   0.0289,  9.2744, 10.5080, -0.3385,  0.0305,  0.0508,
Q0    493, 4570, 4437,  132,    1,   0.0289,  9.2698, 10.5050, -0.3395,  0.0300,  0.0505,
Q0    494, 4579, 4446,  132,    1,   0.0288,  9.2692, 10.5134, -0.3408,  0.0299,  0.0513,
Q0    495, 4588, 4454,  132,    2,   0.0288,  9.2687, 10.5098, -0.3421,  0.0299,  0.0510,
Q0    496, 4600, 4466,  132,    2,   0.0287,  9.2742, 10.5180, -0.3438,  0.0305,  0.0518,
Q0    497, 4607, 4475,  132,    0,   0.0287,  9.2696, 10.5151, -0.3448,  0.0300,  0.0515,
Q0    498, 4614, 4481,  132,    1,   0.0286,  9.2651, 10.5094, -0.3458,  0.0295,  0.0509,
Q0    499, 4627, 4487,  132,    8,   0.0285,  9.2725, 10.4939, -0.3477,  0.0303,  0.0494,
Qid, Time, Sent, Recv, Over, Wait,    P_blk,    Arrv,    Serv,   Epblk,   Earrv,   Eserv
Q0    500, 4636, 4493,  135,    8,   0.0291,  9.2720, 10.4853, -0.3341,  0.0302,  0.0485,
Q0    501, 4648, 4498,  141,    9,   0.0303,  9.2774, 10.4763, -0.3063,  0.0308,  0.0476,
Q0    502, 4657, 4506,  143,    8,   0.0307,  9.2769, 10.4702, -0.2979,  0.0308,  0.0470,
Q0    503, 4670, 4521,  143,    6,   0.0306,  9.2843, 10.4829, -0.2998,  0.0316,  0.0483,
Q0    504, 4681, 4537,  143,    1,   0.0305,  9.2877, 10.4879, -0.3015,  0.0320,  0.0488,
Q0    505, 4691, 4541,  143,    7,   0.0305,  9.2891, 10.4738, -0.3029,  0.0321,  0.0474,
Q0    506, 4697, 4549,  143,    5,   0.0304,  9.2826, 10.4707, -0.3038,  0.0314,  0.0471,
Q0    507, 4700, 4557,  143,    0,   0.0304,  9.2702, 10.4672, -0.3043,  0.0300,  0.0467,
Q0    508, 4707, 4564,  143,    0,   0.0304,  9.2657, 10.4680, -0.3053,  0.0295,  0.0468,
Q0    509, 4717, 4574,  143,    0,   0.0303,  9.2672, 10.4762, -0.3068,  0.0297,  0.0476,
Q0    510, 4730, 4583,  143,    4,   0.0302,  9.2745, 10.4777, -0.3087,  0.0305,  0.0478,
Q0    511, 4743, 4598,  143,    2,   0.0301,  9.2818, 10.4882, -0.3106,  0.0313,  0.0488,
Q0    512, 4753, 4605,  143,    5,   0.0301,  9.2832, 10.4769, -0.3120,  0.0315,  0.0477,
Q0    513, 4761, 4614,  143,    4,   0.0300,  9.2807, 10.4726, -0.3132,  0.0312,  0.0473,
Q0    514, 4772, 4625,  143,    3,   0.0300,  9.2840, 10.4790, -0.3148,  0.0316,  0.0479,
Q0    515, 4781, 4638,  143,    0,   0.0299,  9.2835, 10.4905, -0.3161,  0.0315,  0.0490,
Q0    516, 4791, 4647,  143,    1,   0.0298,  9.2849, 10.4882, -0.3175,  0.0317,  0.0488,
Q0    517, 4800, 4656,  143,    1,   0.0298,  9.2843, 10.4899, -0.3188,  0.0316,  0.0490,
Q0    518, 4813, 4670,  143,    0,   0.0297,  9.2915, 10.5021, -0.3206,  0.0324,  0.0502,
Q0    519, 4821, 4677,  143,    1,   0.0297,  9.2890, 10.5074, -0.3217,  0.0321,  0.0507,
Qid, Time, Sent, Recv, Over, Wait,    P_blk,    Arrv,    Serv,   Epblk,   Earrv,   Eserv
Q0    520, 4830, 4686,  143,    1,   0.0296,  9.2904, 10.5138, -0.3230,  0.0323,  0.0514,
Q0    521, 4838, 4694,  143,    1,   0.0296,  9.2860, 10.5133, -0.3241,  0.0318,  0.0513,
Q0    522, 4847, 4703,  143,    1,   0.0295,  9.2854, 10.5141, -0.3254,  0.0317,  0.0514,
Q0    523, 4856, 4713,  143,    0,   0.0294,  9.2849, 10.5215, -0.3266,  0.0317,  0.0522,
Q0    524, 4863, 4720,  143,    0,   0.0294,  9.2805, 10.5247, -0.3276,  0.0312,  0.0525,
Q0    525, 4872, 4729,  143,    0,   0.0294,  9.2800, 10.5376, -0.3288,  0.0311,  0.0538,
Q0    526, 4885, 4739,  143,    3,   0.0293,  9.2871, 10.5332, -0.3306,  0.0319,  0.0533,
Q0    527, 4895, 4748,  143,    4,   0.0292,  9.2884, 10.5366, -0.3320,  0.0320,  0.0537,
Q0    528, 4904, 4757,  143,    4,   0.0292,  9.2879, 10.5341, -0.3332,  0.0320,  0.0534,
Q0    529, 4915, 4766,  143,    6,   0.0291,  9.2911, 10.5284, -0.3347,  0.0323,  0.0528,
Q0    530, 4923, 4778,  143,    2,   0.0290,  9.2887, 10.5313, -0.3358,  0.0321,  0.0531,
Q0    531, 4931, 4786,  143,    2,   0.0290,  9.2863, 10.5336, -0.3369,  0.0318,  0.0534,
Q0    532, 4940, 4793,  143,    3,   0.0289,  9.2857, 10.5293, -0.3381,  0.0317,  0.0529,
Q0    533, 4954, 4808,  143,    3,   0.0289,  9.2946, 10.5367, -0.3399,  0.0327,  0.0537,
Q0    534, 4969, 4819,  143,    7,   0.0288,  9.3052, 10.5373, -0.3419,  0.0339,  0.0537,
Q0    535, 4976, 4830,  143,    3,   0.0287,  9.3009, 10.5367, -0.3429,  0.0334,  0.0537,
Q0    536, 4988, 4841,  143,    4,   0.0287,  9.3060, 10.5353, -0.3444,  0.0340,  0.0535,
Q0    537, 4996, 4849,  143,    4,   0.0286,  9.3035, 10.5225, -0.3455,  0.0337,  0.0523,
Q0    538, 5007, 4852,  146,    9,   0.0292,  9.3067, 10.5140, -0.3332,  0.0341,  0.0514,
Q0    539, 5016, 4861,  147,    8,   0.0293,  9.3061, 10.5120, -0.3299,  0.0340,  0.0512,
Qid, Time, Sent, Recv, Over, Wait,    P_blk,    Arrv,    Serv,   Epblk,   Earrv,   Eserv
Q0    540, 5026, 4868,  148,   10,   0.0294,  9.3074, 10.5052, -0.3267,  0.0342,  0.0505,
Q0    541, 5035, 4878,  149,    8,   0.0296,  9.3068, 10.5025, -0.3233,  0.0341,  0.0503,
Q0    542, 5046, 4893,  149,    4,   0.0295,  9.3100, 10.5103, -0.3248,  0.0344,  0.0510,
Q0    543, 5057, 4902,  149,    6,   0.0295,  9.3131, 10.5051, -0.3263,  0.0348,  0.0505,
Q0    544, 5066, 4912,  149,    5,   0.0294,  9.3125, 10.5063, -0.3275,  0.0347,  0.0506,
Q0    545, 5073, 4922,  149,    2,   0.0294,  9.3083, 10.5061, -0.3284,  0.0343,  0.0506,
Q0    546, 5085, 4935,  149,    1,   0.0293,  9.3132, 10.5150, -0.3300,  0.0348,  0.0515,
Q0    547, 5094, 4943,  149,    2,   0.0293,  9.3126, 10.5102, -0.3312,  0.0347,  0.0510,
Q0    548, 5102, 4953,  149,    0,   0.0292,  9.3102, 10.5114, -0.3322,  0.0345,  0.0511,
Q0    549, 5110, 4961,  149,    0,   0.0292,  9.3078, 10.5116, -0.3333,  0.0342,  0.0512,
Q0    550, 5126, 4971,  149,    6,   0.0291,  9.3200, 10.5140, -0.3353,  0.0356,  0.0514,
Q0    551, 5132, 4976,  149,    7,   0.0290,  9.3140, 10.5017, -0.3361,  0.0349,  0.0502,
Q0    552, 5142, 4987,  149,    6,   0.0290,  9.3152, 10.5010, -0.3374,  0.0350,  0.0501,
Q0    553, 5151, 5002,  149,    0,   0.0289,  9.3146, 10.5132, -0.3386,  0.0350,  0.0513,
Q0    554, 5167, 5015,  149,    3,   0.0288,  9.3267, 10.5180, -0.3406,  0.0363,  0.0518,
Q0    555, 5173, 5024,  149,    0,   0.0288,  9.3207, 10.5207, -0.3414,  0.0356,  0.0521,
Q0    556, 5178, 5029,  149,    0,   0.0288,  9.3129, 10.5209, -0.3420,  0.0348,  0.0521,
Q0    557, 5186, 5035,  149,    2,   0.0287,  9.3106, 10.5127, -0.3430,  0.0345,  0.0513,
Q0    558, 5192, 5043,  149,    0,   0.0287,  9.3047, 10.5126, -0.3438,  0.0339,  0.0513,
Q0    559, 5204, 5052,  149,    3,   0.0286,  9.3095, 10.5104, -0.3453,  0.0344,  0.0510,
Qid, Time, Sent, Recv, Over, Wait,    P_blk,    Arrv,    Serv,   Epblk,   Earrv,   Eserv
Q0    560, 5218, 5058,  150,   10,   0.0287,  9.3179, 10.5014, -0.3427,  0.0353,  0.0501,
Q0    561, 5231, 5068,  154,    9,   0.0294,  9.3244, 10.5004, -0.3268,  0.0360,  0.0500,
Q0    562, 5239, 5085,  154,    0,   0.0294,  9.3221, 10.5159, -0.3278,  0.0358,  0.0516,
Q0    563, 5246, 5092,  154,    0,   0.0294,  9.3179, 10.5180, -0.3287,  0.0353,  0.0518,
Q0    564, 5254, 5099,  154,    1,   0.0293,  9.3156, 10.5133, -0.3298,  0.0351,  0.0513,
Q0    565, 5262, 5107,  154,    1,   0.0293,  9.3133, 10.5144, -0.3308,  0.0348,  0.0514,
Q0    566, 5276, 5118,  154,    4,   0.0292,  9.3216, 10.5100, -0.3326,  0.0357,  0.0510,
Q0    567, 5284, 5128,  154,    2,   0.0291,  9.3192, 10.5129, -0.3336,  0.0355,  0.0513,
Q0    568, 5296, 5135,  154,    7,   0.0291,  9.3239, 10.5049, -0.3351,  0.0360,  0.0505,
Q0    569, 5305, 5148,  154,    3,   0.0290,  9.3234, 10.5094, -0.3362,  0.0359,  0.0509,
Q0    570, 5316, 5156,  154,    6,   0.0290,  9.3263, 10.5020, -0.3376,  0.0363,  0.0502,
Q0    571, 5331, 5166,  155,   10,   0.0291,  9.3363, 10.5040, -0.3352,  0.0374,  0.0504,
Q0    572, 5342, 5180,  155,    7,   0.0290,  9.3392, 10.5111, -0.3365,  0.0377,  0.0511,
Q0    573, 5356, 5191,  156,    9,   0.0291,  9.3473, 10.5117, -0.3340,  0.0386,  0.0512,
Q0    574, 5365, 5204,  157,    4,   0.0293,  9.3467, 10.5090, -0.3308,  0.0385,  0.0509,
Q0    575, 5371, 5213,  157,    1,   0.0292,  9.3409, 10.5128, -0.3316,  0.0379,  0.0513,
Q0    576, 5378, 5221,  157,    0,   0.0292,  9.3368, 10.5066, -0.3325,  0.0374,  0.0507,
Q0    577, 5393, 5227,  157,    9,   0.0291,  9.3466, 10.5057, -0.3343,  0.0385,  0.0506,
Q0    578, 5401, 5239,  159,    3,   0.0294,  9.3443, 10.5110, -0.3268,  0.0383,  0.0511,
Q0    579, 5409, 5249,  159,    1,   0.0294,  9.3420, 10.5099, -0.3278,  0.0380,  0.0510,
Qid, Time, Sent, Recv, Over, Wait,    P_blk,    Arrv,    Serv,   Epblk,   Earrv,   Eserv
Q0    580, 5423, 5253,  161,   10,   0.0297,  9.3517, 10.4935, -0.3213,  0.0391,  0.0493,
Q0    581, 5436, 5262,  165,    9,   0.0304,  9.3563, 10.4908, -0.3059,  0.0396,  0.0491,
Q0    582, 5443, 5267,  167,    9,   0.0307,  9.3522, 10.4815, -0.2984,  0.0391,  0.0482,
Q0    583, 5453, 5272,  173,    8,   0.0317,  9.3533, 10.4671, -0.2745,  0.0393,  0.0467,
Q0    584, 5460, 5279,  173,    8,   0.0317,  9.3493, 10.4635, -0.2755,  0.0388,  0.0464,
Q0    585, 5470, 5290,  173,    7,   0.0316,  9.3504, 10.4645, -0.2768,  0.0389,  0.0464,
Q0    586, 5475, 5297,  173,    5,   0.0316,  9.3430, 10.4575, -0.2775,  0.0381,  0.0458,
Q0    587, 5484, 5309,  173,    2,   0.0315,  9.3424, 10.4606, -0.2787,  0.0380,  0.0461,
Q0    588, 5491, 5316,  173,    2,   0.0315,  9.3384, 10.4565, -0.2796,  0.0376,  0.0457,
Q0    589, 5503, 5325,  173,    5,   0.0314,  9.3430, 10.4515, -0.2811,  0.0381,  0.0451,
Q0    590, 5518, 5335,  174,    9,   0.0315,  9.3525, 10.4514, -0.2790,  0.0392,  0.0451,
Q0    591, 5525, 5344,  176,    5,   0.0319,  9.3486, 10.4464, -0.2716,  0.0387,  0.0446,
Q0    592, 5532, 5356,  176,    0,   0.0318,  9.3446, 10.4498, -0.2725,  0.0383,  0.0450,
Q0    593, 5537, 5361,  176,    0,   0.0318,  9.3373, 10.4503, -0.2732,  0.0375,  0.0450,
Q0    594, 5550, 5369,  176,    5,   0.0317,  9.3434, 10.4459, -0.2749,  0.0382,  0.0446,
Q0    595, 5563, 5375,  178,   10,   0.0320,  9.3496, 10.4386, -0.2683,  0.0388,  0.0439,
Q0    596, 5577, 5382,  185,   10,   0.0332,  9.3574, 10.4333, -0.2415,  0.0397,  0.0433,
Q0    597, 5584, 5395,  185,    4,   0.0331,  9.3534, 10.4359, -0.2424,  0.0393,  0.0436,
Q0    598, 5595, 5400,  186,    9,   0.0332,  9.3562, 10.4271, -0.2398,  0.0396,  0.0427,
Q0    599, 5601, 5408,  186,    7,   0.0332,  9.3506, 10.4221, -0.2406,  0.0390,  0.0422,
Qid, Time, Sent, Recv, Over, Wait,    P_blk,    Arrv,    Serv,   Epblk,   Earrv,   Eserv
Q0    600, 5615, 5419,  186,   10,   0.0331,  9.3583, 10.4216, -0.2425,  0.0398,  0.0422,
Q0    601, 5631, 5429,  196,    6,   0.0348,  9.3694, 10.4209, -0.2041,  0.0410,  0.0421,
Q0    602, 5639, 5440,  196,    3,   0.0348,  9.3671, 10.4217, -0.2052,  0.0408,  0.0422,
Q0    603, 5643, 5447,  196,    0,   0.0347,  9.3582, 10.4213, -0.2058,  0.0398,  0.0421,
Q0    604, 5652, 5452,  196,    4,   0.0347,  9.3576, 10.4079, -0.2070,  0.0397,  0.0408,
Q0    605, 5664, 5466,  196,    2,   0.0346,  9.3620, 10.4175, -0.2087,  0.0402,  0.0418,
Q0    606, 5672, 5475,  196,    1,   0.0346,  9.3597, 10.4173, -0.2098,  0.0400,  0.0417,
Q0    607, 5680, 5482,  196,    2,   0.0345,  9.3575, 10.4132, -0.2109,  0.0397,  0.0413,
Q0    608, 5690, 5492,  196,    2,   0.0344,  9.3586, 10.4210, -0.2123,  0.0398,  0.0421,
Q0    609, 5696, 5500,  196,    0,   0.0344,  9.3530, 10.4214, -0.2132,  0.0392,  0.0421,
Q0    610, 5710, 5510,  196,    4,   0.0343,  9.3607, 10.4228, -0.2151,  0.0401,  0.0423,
Q0    611, 5721, 5518,  196,    7,   0.0343,  9.3633, 10.4188, -0.2166,  0.0404,  0.0419,
Q0    612, 5729, 5533,  196,    0,   0.0342,  9.3611, 10.4274, -0.2177,  0.0401,  0.0427,
Q0    613, 5737, 5541,  196,    0,   0.0342,  9.3589, 10.4337, -0.2188,  0.0399,  0.0434,
Q0    614, 5743, 5544,  196,    3,   0.0341,  9.3534, 10.4287, -0.2196,  0.0393,  0.0429,
Q0    615, 5749, 5552,  196,    1,   0.0341,  9.3480, 10.4229, -0.2204,  0.0387,  0.0423,
Q0    616, 5754, 5557,  196,    1,   0.0341,  9.3409, 10.4201, -0.2211,  0.0379,  0.0420,
Q0    617, 5766, 5565,  196,    5,   0.0340,  9.3452, 10.4171, -0.2227,  0.0384,  0.0417,
Q0    618, 5776, 5575,  196,    5,   0.0339,  9.3463, 10.4124, -0.2241,  0.0385,  0.0412,
Q0    619, 5783, 5586,  196,    1,   0.0339,  9.3425, 10.4161, -0.2250,  0.0381,  0.0416,
Qid, Time, Sent, Recv, Over, Wait,    P_blk,    Arrv,    Serv,   Epblk,   Earrv,   Eserv
Q0    620, 5791, 5595,  196,    0,   0.0338,  9.3403, 10.4132, -0.2261,  0.0378,  0.0413,
Q0    621, 5801, 5604,  196,    1,   0.0338,  9.3414, 10.4161, -0.2274,  0.0379,  0.0416,
Q0    622, 5807, 5611,  196,    0,   0.0338,  9.3360, 10.4190, -0.2282,  0.0373,  0.0419,
Q0    623, 5821, 5621,  196,    4,   0.0337,  9.3435, 10.4192, -0.2301,  0.0382,  0.0419,
Q0    624, 5826, 5630,  196,    0,   0.0336,  9.3365, 10.4253, -0.2307,  0.0374,  0.0425,
Q0    625, 5836, 5637,  196,    3,   0.0336,  9.3376, 10.4190, -0.2320,  0.0375,  0.0419,
Q0    626, 5847, 5644,  196,    7,   0.0335,  9.3403, 10.4143, -0.2335,  0.0378,  0.0414,
Q0    627, 5857, 5656,  196,    5,   0.0335,  9.3413, 10.4147, -0.2348,  0.0379,  0.0415,
Q0    628, 5867, 5668,  196,    3,   0.0334,  9.3424, 10.4155, -0.2361,  0.0380,  0.0415,
Q0    629, 5876, 5680,  196,    0,   0.0334,  9.3418, 10.4214, -0.2373,  0.0380,  0.0421,
Q0    630, 5888, 5689,  196,    3,   0.0333,  9.3460, 10.4148, -0.2388,  0.0384,  0.0415,
Q0    631, 5897, 5695,  196,    6,   0.0332,  9.3455, 10.4142, -0.2400,  0.0384,  0.0414,
Q0    632, 5903, 5706,  196,    1,   0.0332,  9.3402, 10.4146, -0.2408,  0.0378,  0.0415,
Q0    633, 5912, 5713,  196,    3,   0.0332,  9.3397, 10.4149, -0.2419,  0.0377,  0.0415,
Q0    634, 5924, 5726,  196,    2,   0.0331,  9.3438, 10.4124, -0.2434,  0.0382,  0.0412,
Q0    635, 5937, 5734,  197,    6,   0.0332,  9.3496, 10.4117, -0.2413,  0.0388,  0.0412,
Q0    636, 5947, 5741,  197,    9,   0.0331,  9.3506, 10.4073, -0.2425,  0.0390,  0.0407,
Q0    637, 5960, 5748,  203,    9,   0.0341,  9.3564, 10.4024, -0.2212,  0.0396,  0.0402,
Q0    638, 5974, 5760,  204,   10,   0.0341,  9.3636, 10.4045, -0.2192,  0.0404,  0.0405,
Q0    639, 5983, 5770,  205,    8,   0.0343,  9.3631, 10.4042, -0.2165,  0.0403,  0.0404,
Qid, Time, Sent, Recv, Over, Wait,    P_blk,    Arrv,    Serv,   Epblk,   Earrv,   Eserv
Q0    640, 5994, 5784,  205,    5,   0.0342,  9.3656, 10.4098, -0.2180,  0.0406,  0.0410,
Q0    641, 6002, 5797,  205,    0,   0.0342,  9.3635, 10.4108, -0.2190,  0.0404,  0.0411,
Q0    642, 6009, 5803,  205,    1,   0.0341,  9.3598, 10.4098, -0.2199,  0.0400,  0.0410,
Q0    643, 6014, 5808,  205,    1,   0.0341,  9.3530, 10.4001, -0.2206,  0.0392,  0.0400,
Q0    644, 6023, 5814,  205,    4,   0.0340,  9.3525, 10.3972, -0.2217,  0.0392,  0.0397,
Q0    645, 6035, 5820,  206,    9,   0.0341,  9.3566, 10.3884, -0.2195,  0.0396,  0.0388,
Q0    646, 6040, 5829,  206,    5,   0.0341,  9.3498, 10.3864, -0.2201,  0.0389,  0.0386,
Q0    647, 6052, 5843,  206,    3,   0.0340,  9.3539, 10.3945, -0.2217,  0.0393,  0.0395,
Q0    648, 6058, 5852,  206,    0,   0.0340,  9.3488, 10.3921, -0.2224,  0.0388,  0.0392,
Q0    649, 6067, 5861,  206,    0,   0.0340,  9.3482, 10.4008, -0.2236,  0.0387,  0.0401,
Q0    650, 6078, 5869,  206,    3,   0.0339,  9.3508, 10.4011, -0.2250,  0.0390,  0.0401,
Q0    651, 6086, 5880,  206,    0,   0.0338,  9.3487, 10.4080, -0.2260,  0.0387,  0.0408,
Q0    652, 6094, 5887,  206,    1,   0.0338,  9.3466, 10.3999, -0.2270,  0.0385,  0.0400,
Q0    653, 6108, 5897,  206,    5,   0.0337,  9.3538, 10.3963, -0.2288,  0.0393,  0.0396,
Q0    654, 6116, 5905,  206,    5,   0.0337,  9.3517, 10.3936, -0.2298,  0.0391,  0.0394,
Q0    655, 6127, 5916,  207,    4,   0.0338,  9.3542, 10.3986, -0.2275,  0.0394,  0.0399,
Q0    656, 6135, 5925,  207,    3,   0.0337,  9.3521, 10.3958, -0.2285,  0.0391,  0.0396,
Q0    657, 6142, 5935,  207,    0,   0.0337,  9.3486, 10.3976, -0.2293,  0.0387,  0.0398,
Q0    658, 6157, 5944,  207,    6,   0.0336,  9.3571, 10.3964, -0.2312,  0.0397,  0.0396,
Q0    659, 6165, 5954,  207,    4,   0.0336,  9.3551, 10.3988, -0.2322,  0.0395,  0.0399,
Qid, Time, Sent, Recv, Over, Wait,    P_blk,    Arrv,    Serv,   Epblk,   Earrv,   Eserv
Q0    660, 6176, 5966,  207,    3,   0.0335,  9.3576, 10.3982, -0.2336,  0.0397,  0.0398,
Q0    661, 6188, 5977,  207,    4,   0.0335,  9.3616, 10.4032, -0.2351,  0.0402,  0.0403,
Q0    662, 6194, 5986,  207,    1,   0.0334,  9.3565, 10.4016, -0.2358,  0.0396,  0.0402,
Q0    663, 6207, 5997,  207,    3,   0.0333,  9.3620, 10.4008, -0.2374,  0.0402,  0.0401,
Q0    664, 6217, 6010,  207,    0,   0.0333,  9.3630, 10.4087, -0.2386,  0.0403,  0.0409,
Q0    665, 6228, 6018,  207,    3,   0.0332,  9.3654, 10.4153, -0.2400,  0.0406,  0.0415,
Q0    666, 6237, 6030,  207,    0,   0.0332,  9.3649, 10.4215, -0.2411,  0.0405,  0.0421,
Q0    667, 6242, 6035,  207,    0,   0.0332,  9.3583, 10.4265, -0.2417,  0.0398,  0.0427,
Q0    668, 6247, 6040,  207,    0,   0.0331,  9.3518, 10.4222, -0.2423,  0.0391,  0.0422,
Q0    669, 6256, 6049,  207,    0,   0.0331,  9.3513, 10.4267, -0.2434,  0.0390,  0.0427,
Q0    670, 6268, 6059,  207,    2,   0.0330,  9.3552, 10.4287, -0.2448,  0.0395,  0.0429,
Q0    671, 6272, 6065,  207,    0,   0.0330,  9.3472, 10.4310, -0.2453,  0.0386,  0.0431,
Q0    672, 6287, 6076,  207,    4,   0.0329,  9.3557, 10.4282, -0.2471,  0.0395,  0.0428,
Q0    673, 6297, 6082,  207,    8,   0.0329,  9.3566, 10.4231, -0.2483,  0.0396,  0.0423,
Q0    674, 6302, 6091,  207,    4,   0.0328,  9.3501, 10.4217, -0.2489,  0.0389,  0.0422,
Q0    675, 6309, 6102,  207,    0,   0.0328,  9.3467, 10.4204, -0.2497,  0.0385,  0.0420,
Q0    676, 6320, 6108,  207,    5,   0.0328,  9.3491, 10.4196, -0.2511,  0.0388,  0.0420,
Q0    677, 6330, 6123,  207,    0,   0.0327,  9.3501, 10.4293, -0.2522,  0.0389,  0.0429,
Q0    678, 6343, 6131,  207,    5,   0.0326,  9.3555, 10.4232, -0.2538,  0.0395,  0.0423,
Q0    679, 6351, 6141,  207,    3,   0.0326,  9.3535, 10.4182, -0.2547,  0.0393,  0.0418,
Qid, Time, Sent, Recv, Over, Wait,    P_blk,    Arrv,    Serv,   Epblk,   Earrv,   Eserv
Q0    680, 6364, 6149,  208,    7,   0.0327,  9.3588, 10.4193, -0.2526,  0.0399,  0.0419,
Q0    681, 6380, 6157,  213,   10,   0.0334,  9.3686, 10.4134, -0.2366,  0.0410,  0.0413,
Q0    682, 6390, 6166,  214,   10,   0.0335,  9.3695, 10.4129, -0.2342,  0.0411,  0.0413,
Q0    683, 6405, 6181,  216,    8,   0.0337,  9.3777, 10.4188, -0.2289,  0.0420,  0.0419,
Q0    684, 6417, 6192,  216,    9,   0.0337,  9.3816, 10.4173, -0.2303,  0.0424,  0.0417,
Q0    685, 6426, 6203,  219,    4,   0.0341,  9.3810, 10.4202, -0.2207,  0.0423,  0.0420,
Q0    686, 6440, 6213,  219,    8,   0.0340,  9.3878, 10.4202, -0.2224,  0.0431,  0.0420,
Q0    687, 6450, 6220,  221,    9,   0.0343,  9.3886, 10.4132, -0.2165,  0.0432,  0.0413,
Q0    688, 6466, 6228,  228,   10,   0.0353,  9.3983, 10.4102, -0.1937,  0.0443,  0.0410,
Q0    689, 6476, 6242,  228,    6,   0.0352,  9.3991, 10.4146, -0.1949,  0.0443,  0.0415,
Q0    690, 6487, 6253,  228,    6,   0.0351,  9.4014, 10.4164, -0.1963,  0.0446,  0.0416,
Q0    691, 6505, 6269,  230,    6,   0.0354,  9.4139, 10.4257, -0.1915,  0.0460,  0.0426,
Q0    692, 6511, 6281,  230,    0,   0.0353,  9.4090, 10.4265, -0.1922,  0.0454,  0.0426,
Q0    693, 6521, 6284,  230,    7,   0.0353,  9.4098, 10.4188, -0.1935,  0.0455,  0.0419,
Q0    694, 6529, 6295,  230,    4,   0.0352,  9.4078, 10.4202, -0.1945,  0.0453,  0.0420,
Q0    695, 6539, 6306,  230,    3,   0.0352,  9.4086, 10.4211, -0.1957,  0.0454,  0.0421,
Q0    696, 6552, 6315,  230,    7,   0.0351,  9.4138, 10.4165, -0.1973,  0.0460,  0.0416,
Q0    697, 6561, 6330,  230,    1,   0.0351,  9.4132, 10.4278, -0.1984,  0.0459,  0.0428,
Q0    698, 6567, 6337,  230,    0,   0.0350,  9.4083, 10.4298, -0.1991,  0.0454,  0.0430,
Q0    699, 6579, 6347,  230,    2,   0.0350,  9.4120, 10.4336, -0.2006,  0.0458,  0.0434,
Qid, Time, Sent, Recv, Over, Wait,    P_blk,    Arrv,    Serv,   Epblk,   Earrv,   Eserv
Q0    700, 6586, 6356,  230,    0,   0.0349,  9.4086, 10.4368, -0.2014,  0.0454,  0.0437,
Q0    701, 6605, 6363,  232,   10,   0.0351,  9.4223, 10.4355, -0.1968,  0.0469,  0.0436,
Q0    702, 6612, 6375,  233,    4,   0.0352,  9.4188, 10.4340, -0.1942,  0.0465,  0.0434,
Q0    703, 6626, 6384,  233,    9,   0.0352,  9.4253, 10.4318, -0.1959,  0.0473,  0.0432,
Q0    704, 6632, 6389,  235,    8,   0.0354,  9.4205, 10.4260, -0.1897,  0.0467,  0.0426,
Q0    705, 6640, 6397,  235,    8,   0.0354,  9.4184, 10.4205, -0.1907,  0.0465,  0.0421,
Q0    706, 6645, 6409,  235,    1,   0.0354,  9.4122, 10.4237, -0.1913,  0.0458,  0.0424,
Q0    707, 6654, 6419,  235,    0,   0.0353,  9.4116, 10.4260, -0.1924,  0.0457,  0.0426,
Q0    708, 6665, 6426,  235,    4,   0.0353,  9.4138, 10.4215, -0.1938,  0.0460,  0.0422,
Q0    709, 6673, 6434,  235,    4,   0.0352,  9.4118, 10.4210, -0.1947,  0.0458,  0.0421,
Q0    710, 6681, 6443,  235,    3,   0.0352,  9.4099, 10.4228, -0.1957,  0.0455,  0.0423,
Q0    711, 6689, 6453,  235,    1,   0.0351,  9.4079, 10.4211, -0.1967,  0.0453,  0.0421,
Q0    712, 6698, 6459,  235,    4,   0.0351,  9.4073, 10.4146, -0.1977,  0.0453,  0.0415,
Q0    713, 6707, 6472,  235,    0,   0.0350,  9.4067, 10.4250, -0.1988,  0.0452,  0.0425,
Q0    714, 6722, 6480,  235,    7,   0.0350,  9.4146, 10.4230, -0.2006,  0.0461,  0.0423,
Q0    715, 6736, 6497,  238,    1,   0.0353,  9.4210, 10.4351, -0.1921,  0.0468,  0.0435,
Q0    716, 6747, 6505,  238,    4,   0.0353,  9.4232, 10.4309, -0.1934,  0.0470,  0.0431,
Q0    717, 6757, 6517,  238,    2,   0.0352,  9.4240, 10.4323, -0.1946,  0.0471,  0.0432,
Q0    718, 6769, 6526,  238,    5,   0.0352,  9.4276, 10.4304, -0.1960,  0.0475,  0.0430,
Q0    719, 6779, 6541,  238,    0,   0.0351,  9.4284, 10.4380, -0.1972,  0.0476,  0.0438,
Qid, Time, Sent, Recv, Over, Wait,    P_blk,    Arrv,    Serv,   Epblk,   Earrv,   Eserv
Q0    720, 6786, 6546,  238,    2,   0.0351,  9.4250, 10.4337, -0.1980,  0.0472,  0.0434,
Q0    721, 6790, 6552,  238,    0,   0.0351,  9.4175, 10.4393, -0.1985,  0.0464,  0.0439,
Q0    722, 6803, 6562,  238,    3,   0.0350,  9.4224, 10.4375, -0.2000,  0.0469,  0.0437,
Q0    723, 6810, 6572,  238,    0,   0.0349,  9.4191, 10.4402, -0.2009,  0.0466,  0.0440,
Q0    724, 6818, 6579,  238,    1,   0.0349,  9.4171, 10.4408, -0.2018,  0.0463,  0.0441,
Q0    725, 6831, 6587,  238,    6,   0.0348,  9.4221, 10.4403, -0.2033,  0.0469,  0.0440,
Q0    726, 6836, 6598,  238,    0,   0.0348,  9.4160, 10.4496, -0.2039,  0.0462,  0.0450,
Q0    727, 6846, 6608,  238,    0,   0.0348,  9.4168, 10.4589, -0.2051,  0.0463,  0.0459,
Q0    728, 6861, 6620,  238,    3,   0.0347,  9.4245, 10.4658, -0.2068,  0.0472,  0.0466,
Q0    729, 6872, 6631,  238,    3,   0.0346,  9.4266, 10.4658, -0.2081,  0.0474,  0.0466,
Q0    730, 6890, 6640,  240,   10,   0.0348,  9.4384, 10.4631, -0.2035,  0.0487,  0.0463,
Q0    731, 6904, 6654,  240,   10,   0.0348,  9.4446, 10.4621, -0.2051,  0.0494,  0.0462,
Q0    732, 6916, 6660,  249,    7,   0.0360,  9.4481, 10.4601, -0.1767,  0.0498,  0.0460,
Q0    733, 6927, 6671,  249,    7,   0.0359,  9.4502, 10.4626, -0.1780,  0.0500,  0.0463,
Q0    734, 6934, 6677,  249,    8,   0.0359,  9.4469, 10.4555, -0.1789,  0.0497,  0.0456,
Q0    735, 6939, 6687,  249,    3,   0.0359,  9.4408, 10.4531, -0.1795,  0.0490,  0.0453,
Q0    736, 6955, 6698,  250,    7,   0.0359,  9.4497, 10.4533, -0.1781,  0.0500,  0.0453,
Q0    737, 6965, 6707,  250,    8,   0.0359,  9.4505, 10.4493, -0.1792,  0.0501,  0.0449,
Q0    738, 6976, 6713,  255,    8,   0.0366,  9.4526, 10.4457, -0.1641,  0.0503,  0.0446,
Q0    739, 6982, 6724,  255,    3,   0.0365,  9.4479, 10.4463, -0.1649,  0.0498,  0.0446,
Qid, Time, Sent, Recv, Over, Wait,    P_blk,    Arrv,    Serv,   Epblk,   Earrv,   Eserv
Q0    740, 6997, 6735,  255,    7,   0.0364,  9.4554, 10.4445, -0.1667,  0.0506,  0.0445,
Q0    741, 7004, 6747,  255,    2,   0.0364,  9.4521, 10.4452, -0.1675,  0.0502,  0.0445,
Q0    742, 7010, 6755,  255,    0,   0.0364,  9.4474, 10.4486, -0.1682,  0.0497,  0.0449,
Q0    743, 7016, 6761,  255,    0,   0.0363,  9.4428, 10.4532, -0.1689,  0.0492,  0.0453,
Q0    744, 7024, 6769,  255,    0,   0.0363,  9.4409, 10.4570, -0.1699,  0.0490,  0.0457,
Q0    745, 7031, 6775,  255,    1,   0.0363,  9.4376, 10.4513, -0.1707,  0.0486,  0.0451,
Q0    746, 7038, 6783,  255,    0,   0.0362,  9.4343, 10.4505, -0.1715,  0.0483,  0.0450,
Q0    747, 7047, 6792,  255,    0,   0.0362,  9.4337, 10.4521, -0.1726,  0.0482,  0.0452,
Q0    748, 7055, 6800,  255,    0,   0.0361,  9.4318, 10.4507, -0.1735,  0.0480,  0.0451,
Q0    749, 7065, 6807,  255,    3,   0.0361,  9.4326, 10.4515, -0.1747,  0.0481,  0.0452,
Q0    750, 7075, 6818,  255,    2,   0.0360,  9.4333, 10.4517, -0.1758,  0.0481,  0.0452,
Q0    751, 7083, 6824,  255,    4,   0.0360,  9.4314, 10.4483, -0.1768,  0.0479,  0.0448,
Q0    752, 7091, 6836,  255,    0,   0.0360,  9.4295, 10.4528, -0.1777,  0.0477,  0.0453,
Q0    753, 7103, 6844,  255,    4,   0.0359,  9.4329, 10.4523, -0.1791,  0.0481,  0.0452,
Q0    754, 7112, 6852,  255,    5,   0.0359,  9.4324, 10.4479, -0.1801,  0.0480,  0.0448,
Q0    755, 7120, 6863,  255,    2,   0.0358,  9.4305, 10.4505, -0.1811,  0.0478,  0.0450,
Q0    756, 7132, 6872,  255,    5,   0.0358,  9.4339, 10.4467, -0.1824,  0.0482,  0.0447,
Q0    757, 7140, 6880,  255,    5,   0.0357,  9.4320, 10.4445, -0.1833,  0.0480,  0.0445,
Q0    758, 7149, 6894,  255,    0,   0.0357,  9.4314, 10.4529, -0.1844,  0.0479,  0.0453,
Q0    759, 7159, 6902,  255,    2,   0.0356,  9.4321, 10.4545, -0.1855,  0.0480,  0.0455,
Qid, Time, Sent, Recv, Over, Wait,    P_blk,    Arrv,    Serv,   Epblk,   Earrv,   Eserv
Q0    760, 7175, 6916,  255,    4,   0.0355,  9.4408, 10.4595, -0.1873,  0.0490,  0.0459,
Q0    761, 7182, 6924,  255,    3,   0.0355,  9.4376, 10.4564, -0.1881,  0.0486,  0.0456,
Q0    762, 7197, 6930,  259,    8,   0.0360,  9.4449, 10.4495, -0.1771,  0.0494,  0.0449,
Q0    763, 7206, 6940,  259,    7,   0.0359,  9.4443, 10.4486, -0.1781,  0.0494,  0.0449,
Q0    764, 7215, 6949,  259,    7,   0.0359,  9.4437, 10.4458, -0.1792,  0.0493,  0.0446,
Q0    765, 7219, 6959,  259,    1,   0.0359,  9.4366, 10.4438, -0.1796,  0.0485,  0.0444,
Q0    766, 7227, 6966,  259,    2,   0.0358,  9.4347, 10.4396, -0.1805,  0.0483,  0.0440,
Q0    767, 7234, 6975,  259,    0,   0.0358,  9.4316, 10.4385, -0.1813,  0.0480,  0.0438,
Q0    768, 7239, 6980,  259,    0,   0.0358,  9.4258, 10.4360, -0.1819,  0.0473,  0.0436,
Q0    769, 7247, 6987,  259,    1,   0.0357,  9.4239, 10.4367, -0.1828,  0.0471,  0.0437,
Q0    770, 7253, 6994,  259,    0,   0.0357,  9.4195, 10.4339, -0.1835,  0.0466,  0.0434,
Q0    771, 7266, 7007,  259,    0,   0.0356,  9.4241, 10.4373, -0.1849,  0.0471,  0.0437,
Q0    772, 7269, 7010,  259,    0,   0.0356,  9.4158, 10.4341, -0.1853,  0.0462,  0.0434,
Q0    773, 7275, 7013,  259,    3,   0.0356,  9.4114, 10.4300, -0.1859,  0.0457,  0.0430,
Q0    774, 7278, 7019,  259,    0,   0.0356,  9.4031, 10.4289, -0.1863,  0.0448,  0.0429,
Q0    775, 7290, 7030,  259,    1,   0.0355,  9.4065, 10.4312, -0.1876,  0.0452,  0.0431,
Q0    776, 7298, 7038,  259,    1,   0.0355,  9.4046, 10.4286, -0.1885,  0.0450,  0.0429,
Q0    777, 7306, 7046,  259,    1,   0.0355,  9.4028, 10.4283, -0.1894,  0.0448,  0.0428,
Q0    778, 7315, 7055,  259,    1,   0.0354,  9.4023, 10.4266, -0.1904,  0.0447,  0.0427,
Q0    779, 7318, 7058,  259,    1,   0.0354,  9.3941, 10.4235, -0.1907,  0.0438,  0.0423,
Qid, Time, Sent, Recv, Over, Wait,    P_blk,    Arrv,    Serv,   Epblk,   Earrv,   Eserv
Q0    780, 7328, 7068,  259,    1,   0.0353,  9.3949, 10.4235, -0.1918,  0.0439,  0.0424,
Q0    781, 7344, 7077,  259,    8,   0.0353,  9.4033, 10.4215, -0.1936,  0.0448,  0.0421,
Q0    782, 7354, 7086,  259,    9,   0.0352,  9.4041, 10.4181, -0.1947,  0.0449,  0.0418,
Q0    783, 7362, 7098,  260,    4,   0.0353,  9.4023, 10.4213, -0.1924,  0.0447,  0.0421,
Q0    784, 7369, 7107,  260,    2,   0.0353,  9.3992, 10.4253, -0.1932,  0.0444,  0.0425,
Q0    785, 7375, 7115,  260,    0,   0.0353,  9.3949, 10.4256, -0.1939,  0.0439,  0.0426,
Q0    786, 7383, 7120,  260,    3,   0.0352,  9.3931, 10.4240, -0.1947,  0.0437,  0.0424,
Q0    787, 7391, 7126,  260,    5,   0.0352,  9.3914, 10.4135, -0.1956,  0.0435,  0.0414,
Q0    788, 7401, 7133,  260,    8,   0.0351,  9.3921, 10.4109, -0.1967,  0.0436,  0.0411,
Q0    789, 7412, 7145,  260,    7,   0.0351,  9.3942, 10.4150, -0.1979,  0.0438,  0.0415,
Q0    790, 7420, 7152,  260,    8,   0.0350,  9.3924, 10.4081, -0.1988,  0.0436,  0.0408,
Q0    791, 7431, 7166,  261,    4,   0.0351,  9.3944, 10.4139, -0.1969,  0.0438,  0.0414,
Q0    792, 7439, 7175,  261,    3,   0.0351,  9.3927, 10.4104, -0.1977,  0.0436,  0.0410,
Q0    793, 7448, 7186,  261,    1,   0.0350,  9.3922, 10.4104, -0.1987,  0.0436,  0.0410,
Q0    794, 7456, 7192,  261,    3,   0.0350,  9.3904, 10.4072, -0.1996,  0.0434,  0.0407,
Q0    795, 7464, 7199,  261,    4,   0.0350,  9.3887, 10.4013, -0.2004,  0.0432,  0.0401,
Q0    796, 7470, 7208,  261,    1,   0.0349,  9.3844, 10.4019, -0.2011,  0.0427,  0.0402,
Q0    797, 7477, 7216,  261,    0,   0.0349,  9.3814, 10.4073, -0.2018,  0.0424,  0.0407,
Q0    798, 7485, 7224,  261,    0,   0.0349,  9.3797, 10.4065, -0.2027,  0.0422,  0.0406,
Q0    799, 7491, 7230,  261,    0,   0.0348,  9.3755, 10.4068, -0.2033,  0.0417,  0.0407,
Qid, Time, Sent, Recv, Over, Wait,    P_blk,    Arrv,    Serv,   Epblk,   Earrv,   Eserv
Q0    800, 7497, 7234,  261,    2,   0.0348,  9.3713, 10.4022, -0.2039,  0.0413,  0.0402,
Q0    801, 7506, 7244,  261,    1,   0.0348,  9.3708, 10.4048, -0.2049,  0.0412,  0.0405,
Q0    802, 7515, 7254,  261,    0,   0.0347,  9.3703, 10.4128, -0.2058,  0.0411,  0.0413,
Q0    803, 7520, 7257,  261,    2,   0.0347,  9.3649, 10.4132, -0.2064,  0.0405,  0.0413,
Q0    804, 7526, 7264,  261,    1,   0.0347,  9.3607, 10.4092, -0.2070,  0.0401,  0.0409,
Q0    805, 7532, 7271,  261,    0,   0.0347,  9.3565, 10.4117, -0.2076,  0.0396,  0.0412,
Q0    806, 7543, 7281,  261,    1,   0.0346,  9.3586, 10.4126, -0.2088,  0.0398,  0.0413,
Q0    807, 7550, 7289,  261,    0,   0.0346,  9.3556, 10.4176, -0.2095,  0.0395,  0.0418,
Q0    808, 7562, 7296,  261,    5,   0.0345,  9.3589, 10.4184, -0.2108,  0.0399,  0.0418,
Q0    809, 7574, 7308,  261,    5,   0.0345,  9.3622, 10.4194, -0.2120,  0.0402,  0.0419,
Q0    810, 7583, 7316,  261,    6,   0.0344,  9.3617, 10.4152, -0.2130,  0.0402,  0.0415,
Q0    811, 7589, 7326,  261,    2,   0.0344,  9.3576, 10.4151, -0.2136,  0.0397,  0.0415,
Q0    812, 7595, 7334,  261,    0,   0.0344,  9.3534, 10.4147, -0.2142,  0.0393,  0.0415,
Q0    813, 7609, 7343,  261,    5,   0.0343,  9.3592, 10.4120, -0.2156,  0.0399,  0.0412,
Q0    814, 7616, 7353,  261,    2,   0.0343,  9.3563, 10.4139, -0.2164,  0.0396,  0.0414,
Q0    815, 7623, 7362,  261,    0,   0.0342,  9.3534, 10.4162, -0.2171,  0.0393,  0.0416,
Q0    816, 7634, 7373,  261,    0,   0.0342,  9.3554, 10.4169, -0.2182,  0.0395,  0.0417,
Q0    817, 7642, 7381,  261,    0,   0.0342,  9.3537, 10.4148, -0.2190,  0.0393,  0.0415,
Q0    818, 7649, 7388,  261,    0,   0.0341,  9.3509, 10.4179, -0.2198,  0.0390,  0.0418,
Q0    819, 7657, 7396,  261,    0,   0.0341,  9.3492, 10.4208, -0.2206,  0.0388,  0.0421,
Qid, Time, Sent, Recv, Over, Wait,    P_blk,    Arrv,    Serv,   Epblk,   Earrv,   Eserv
Q0    820, 7664, 7402,  261,    1,   0.0341,  9.3463, 10.4139, -0.2213,  0.0385,  0.0414,
Q0    821, 7680, 7406,  264,   10,   0.0344,  9.3544, 10.3991, -0.2140,  0.0394,  0.0399,
Q0    822, 7687, 7412,  266,    9,   0.0346,  9.3516, 10.3993, -0.2087,  0.0391,  0.0399,
Q0    823, 7695, 7426,  266,    3,   0.0346,  9.3499, 10.4041, -0.2096,  0.0389,  0.0404,
Q0    824, 7701, 7435,  266,    0,   0.0345,  9.3459, 10.4060, -0.2102,  0.0384,  0.0406,
Q0    825, 7711, 7444,  266,    1,   0.0345,  9.3467, 10.4030, -0.2112,  0.0385,  0.0403,
Q0    826, 7720, 7451,  266,    3,   0.0345,  9.3462, 10.3979, -0.2121,  0.0385,  0.0398,
Q0    827, 7730, 7461,  266,    3,   0.0344,  9.3470, 10.3987, -0.2131,  0.0386,  0.0399,
Q0    828, 7741, 7466,  266,    9,   0.0344,  9.3490, 10.3908, -0.2143,  0.0388,  0.0391,
Q0    829, 7746, 7476,  266,    4,   0.0343,  9.3438, 10.3876, -0.2148,  0.0382,  0.0388,
Q0    830, 7761, 7488,  266,    7,   0.0343,  9.3506, 10.3917, -0.2163,  0.0390,  0.0392,
Q0    831, 7771, 7505,  266,    0,   0.0342,  9.3514, 10.4017, -0.2173,  0.0390,  0.0402,
Q0    832, 7778, 7512,  266,    0,   0.0342,  9.3486, 10.4050, -0.2180,  0.0387,  0.0405,
Q0    833, 7787, 7521,  266,    0,   0.0342,  9.3481, 10.4084, -0.2189,  0.0387,  0.0408,
Q0    834, 7795, 7524,  266,    5,   0.0341,  9.3465, 10.4067, -0.2197,  0.0385,  0.0407,
Q0    835, 7803, 7537,  266,    0,   0.0341,  9.3449, 10.4113, -0.2205,  0.0383,  0.0411,
Q0    836, 7815, 7546,  266,    3,   0.0340,  9.3481, 10.4151, -0.2217,  0.0387,  0.0415,
Q0    837, 7828, 7561,  266,    1,   0.0340,  9.3524, 10.4220, -0.2230,  0.0392,  0.0422,
Q0    838, 7836, 7570,  266,    0,   0.0339,  9.3508, 10.4263, -0.2238,  0.0390,  0.0426,
Q0    839, 7843, 7576,  266,    1,   0.0339,  9.3480, 10.4258, -0.2245,  0.0387,  0.0426,
Qid, Time, Sent, Recv, Over, Wait,    P_blk,    Arrv,    Serv,   Epblk,   Earrv,   Eserv
Q0    840, 7853, 7587,  266,    0,   0.0339,  9.3488, 10.4322, -0.2255,  0.0388,  0.0432,
Q0    841, 7860, 7592,  266,    2,   0.0338,  9.3460, 10.4244, -0.2262,  0.0384,  0.0424,
Q0    842, 7866, 7600,  266,    0,   0.0338,  9.3420, 10.4268, -0.2267,  0.0380,  0.0427,
Q0    843, 7873, 7607,  266,    0,   0.0338,  9.3393, 10.4253, -0.2274,  0.0377,  0.0425,
Q0    844, 7881, 7612,  266,    3,   0.0338,  9.3377, 10.4220, -0.2282,  0.0375,  0.0422,
Q0    845, 7893, 7625,  266,    2,   0.0337,  9.3408, 10.4259, -0.2294,  0.0379,  0.0426,
Q0    846, 7906, 7636,  266,    4,   0.0336,  9.3452, 10.4263, -0.2307,  0.0384,  0.0426,
Q0    847, 7916, 7642,  266,    8,   0.0336,  9.3459, 10.4199, -0.2316,  0.0384,  0.0420,
Q0    848, 7927, 7651,  266,   10,   0.0336,  9.3479, 10.4185, -0.2327,  0.0387,  0.0418,
Q0    849, 7938, 7661,  268,    9,   0.0338,  9.3498, 10.4171, -0.2280,  0.0389,  0.0417,
Q0    850, 7942, 7673,  268,    1,   0.0337,  9.3435, 10.4198, -0.2284,  0.0382,  0.0420,
Q0    851, 7948, 7680,  268,    0,   0.0337,  9.3396, 10.4198, -0.2290,  0.0377,  0.0420,
Q0    852, 7954, 7686,  268,    0,   0.0337,  9.3357, 10.4172, -0.2295,  0.0373,  0.0417,
Q0    853, 7960, 7690,  268,    2,   0.0337,  9.3318, 10.4138, -0.2301,  0.0369,  0.0414,
Q0    854, 7969, 7701,  268,    0,   0.0336,  9.3314, 10.4155, -0.2310,  0.0368,  0.0416,
Q0    855, 7984, 7710,  268,    6,   0.0336,  9.3380, 10.4150, -0.2324,  0.0376,  0.0415,
Q0    856, 7992, 7717,  269,    6,   0.0337,  9.3364, 10.4095, -0.2303,  0.0374,  0.0409,
Q0    857, 8003, 7726,  269,    8,   0.0336,  9.3384, 10.4107, -0.2314,  0.0376,  0.0411,
Q0    858, 8009, 7737,  269,    3,   0.0336,  9.3345, 10.4044, -0.2320,  0.0372,  0.0404,
Q0    859, 8018, 7740,  269,    9,   0.0335,  9.3341, 10.3986, -0.2328,  0.0371,  0.0399,
Qid, Time, Sent, Recv, Over, Wait,    P_blk,    Arrv,    Serv,   Epblk,   Earrv,   Eserv
Q0    860, 8030, 7748,  275,    7,   0.0342,  9.3372, 10.3974, -0.2169,  0.0375,  0.0397,
Q0    861, 8034, 7755,  275,    4,   0.0342,  9.3310, 10.3926, -0.2173,  0.0368,  0.0393,
Q0    862, 8038, 7763,  275,    0,   0.0342,  9.3248, 10.3948, -0.2177,  0.0361,  0.0395,
Q0    863, 8043, 7767,  275,    1,   0.0342,  9.3198, 10.3930, -0.2182,  0.0355,  0.0393,
Q0    864, 8052, 7775,  275,    2,   0.0342,  9.3194, 10.3905, -0.2190,  0.0355,  0.0390,
Q0    865, 8055, 7780,  275,    0,   0.0341,  9.3121, 10.3870, -0.2193,  0.0347,  0.0387,
Q0    866, 8061, 7785,  275,    1,   0.0341,  9.3083, 10.3854, -0.2199,  0.0343,  0.0385,
Q0    867, 8071, 7792,  275,    4,   0.0341,  9.3091, 10.3800, -0.2209,  0.0343,  0.0380,
Q0    868, 8079, 7800,  275,    4,   0.0340,  9.3076, 10.3752, -0.2217,  0.0342,  0.0375,
Q0    869, 8087, 7808,  275,    4,   0.0340,  9.3061, 10.3719, -0.2224,  0.0340,  0.0372,
Q0    870, 8100, 7815,  275,   10,   0.0340,  9.3103, 10.3697, -0.2237,  0.0345,  0.0370,
Q0    871, 8110, 7826,  276,    8,   0.0340,  9.3111, 10.3703, -0.2218,  0.0346,  0.0370,
Q0    872, 8122, 7841,  276,    5,   0.0340,  9.3142, 10.3762, -0.2230,  0.0349,  0.0376,
Q0    873, 8135, 7846,  279,   10,   0.0343,  9.3184, 10.3665, -0.2158,  0.0354,  0.0367,
Q0    874, 8148, 7852,  288,    8,   0.0353,  9.3227, 10.3614, -0.1918,  0.0359,  0.0361,
Q0    875, 8161, 7862,  291,    8,   0.0357,  9.3269, 10.3610, -0.1846,  0.0363,  0.0361,
Q0    876, 8166, 7872,  291,    3,   0.0356,  9.3219, 10.3608, -0.1851,  0.0358,  0.0361,
Q0    877, 8177, 7881,  291,    5,   0.0356,  9.3238, 10.3574, -0.1862,  0.0360,  0.0357,
Q0    878, 8183, 7892,  291,    0,   0.0356,  9.3200, 10.3627, -0.1868,  0.0356,  0.0363,
Q0    879, 8190, 7899,  291,    0,   0.0355,  9.3174, 10.3644, -0.1875,  0.0353,  0.0364,
Qid, Time, Sent, Recv, Over, Wait,    P_blk,    Arrv,    Serv,   Epblk,   Earrv,   Eserv
Q0    880, 8198, 7907,  291,    0,   0.0355,  9.3159, 10.3642, -0.1883,  0.0351,  0.0364,
Q0    881, 8206, 7913,  291,    2,   0.0355,  9.3144, 10.3574, -0.1891,  0.0349,  0.0357,
Q0    882, 8211, 7920,  291,    0,   0.0354,  9.3095, 10.3570, -0.1896,  0.0344,  0.0357,
Q0    883, 8220, 7928,  291,    1,   0.0354,  9.3092, 10.3551, -0.1905,  0.0344,  0.0355,
Q0    884, 8228, 7934,  291,    3,   0.0354,  9.3077, 10.3472, -0.1913,  0.0342,  0.0347,
Q0    885, 8240, 7944,  291,    5,   0.0353,  9.3107, 10.3494, -0.1925,  0.0345,  0.0349,
Q0    886, 8250, 7953,  291,    6,   0.0353,  9.3115, 10.3475, -0.1934,  0.0346,  0.0348,
Q0    887, 8261, 7966,  291,    4,   0.0352,  9.3134, 10.3498, -0.1945,  0.0348,  0.0350,
Q0    888, 8270, 7973,  291,    6,   0.0352,  9.3131, 10.3460, -0.1954,  0.0348,  0.0346,
Q0    889, 8279, 7985,  291,    3,   0.0351,  9.3127, 10.3478, -0.1963,  0.0347,  0.0348,
Q0    890, 8289, 7994,  291,    4,   0.0351,  9.3135, 10.3457, -0.1972,  0.0348,  0.0346,
Q0    891, 8297, 7999,  291,    7,   0.0351,  9.3120, 10.3397, -0.1980,  0.0347,  0.0340,
Q0    892, 8309, 8008,  292,    9,   0.0351,  9.3150, 10.3374, -0.1964,  0.0350,  0.0337,
Q0    893, 8320, 8019,  292,    9,   0.0351,  9.3169, 10.3383, -0.1975,  0.0352,  0.0338,
Q0    894, 8329, 8028,  292,    9,   0.0351,  9.3166, 10.3371, -0.1983,  0.0352,  0.0337,
Q0    895, 8339, 8041,  292,    6,   0.0350,  9.3173, 10.3386, -0.1993,  0.0353,  0.0339,
Q0    896, 8346, 8054,  292,    0,   0.0350,  9.3147, 10.3450, -0.2000,  0.0350,  0.0345,
Q0    897, 8355, 8062,  292,    1,   0.0349,  9.3144, 10.3426, -0.2008,  0.0349,  0.0343,
Q0    898, 8366, 8073,  292,    1,   0.0349,  9.3163, 10.3460, -0.2019,  0.0351,  0.0346,
Q0    899, 8380, 8087,  292,    1,   0.0348,  9.3215, 10.3475, -0.2032,  0.0357,  0.0348,
Qid, Time, Sent, Recv, Over, Wait,    P_blk,    Arrv,    Serv,   Epblk,   Earrv,   Eserv
Q0    900, 8393, 8090,  293,   10,   0.0349,  9.3256, 10.3397, -0.2017,  0.0362,  0.0340,
Q0    901, 8405, 8099,  297,    9,   0.0353,  9.3285, 10.3388, -0.1920,  0.0365,  0.0339,
Q0    902, 8415, 8115,  297,    3,   0.0353,  9.3293, 10.3453, -0.1930,  0.0366,  0.0345,
Q0    903, 8421, 8124,  297,    0,   0.0353,  9.3256, 10.3473, -0.1935,  0.0362,  0.0347,
Q0    904, 8428, 8130,  297,    1,   0.0352,  9.3230, 10.3456, -0.1942,  0.0359,  0.0346,
Q0    905, 8436, 8139,  297,    0,   0.0352,  9.3215, 10.3463, -0.1950,  0.0357,  0.0346,
Q0    906, 8440, 8143,  297,    0,   0.0352,  9.3157, 10.3467, -0.1953,  0.0351,  0.0347,
